{"/Users/clementadegbenro/CitizenShield/frontend/expo-env.d.ts": {"path":"/Users/clementadegbenro/CitizenShield/frontend/expo-env.d.ts","statementMap":{},"fnMap":{},"branchMap":{},"s":{},"f":{},"b":{}}
,"/Users/clementadegbenro/CitizenShield/frontend/jest.config.js": {"path":"/Users/clementadegbenro/CitizenShield/frontend/jest.config.js","statementMap":{"0":{"start":{"line":1,"column":0},"end":{"line":16,"column":1}}},"fnMap":{},"branchMap":{},"s":{"0":0},"f":{},"b":{}}
,"/Users/clementadegbenro/CitizenShield/frontend/.expo/types/router.d.ts": {"path":"/Users/clementadegbenro/CitizenShield/frontend/.expo/types/router.d.ts","statementMap":{},"fnMap":{},"branchMap":{},"s":{},"f":{},"b":{}}
,"/Users/clementadegbenro/CitizenShield/frontend/app/+not-found.tsx": {"path":"/Users/clementadegbenro/CitizenShield/frontend/app/+not-found.tsx","statementMap":{"0":{"start":{"line":8,"column":21},"end":{"line":8,"column":31}},"1":{"start":{"line":10,"column":26},"end":{"line":16,"column":3}},"2":{"start":{"line":11,"column":4},"end":{"line":15,"column":5}},"3":{"start":{"line":12,"column":6},"end":{"line":12,"column":37}},"4":{"start":{"line":14,"column":6},"end":{"line":14,"column":26}},"5":{"start":{"line":18,"column":2},"end":{"line":31,"column":4}},"6":{"start":{"line":34,"column":15},"end":{"line":57,"column":2}}},"fnMap":{"0":{"name":"NotFoundScreen","decl":{"start":{"line":7,"column":24},"end":{"line":7,"column":38}},"loc":{"start":{"line":7,"column":41},"end":{"line":32,"column":1}},"line":7},"1":{"name":"(anonymous_1)","decl":{"start":{"line":10,"column":26},"end":{"line":10,"column":27}},"loc":{"start":{"line":10,"column":32},"end":{"line":16,"column":3}},"line":10}},"branchMap":{"0":{"loc":{"start":{"line":11,"column":4},"end":{"line":15,"column":5}},"type":"if","locations":[{"start":{"line":11,"column":4},"end":{"line":15,"column":5}},{"start":{"line":13,"column":11},"end":{"line":15,"column":5}}],"line":11}},"s":{"0":0,"1":0,"2":0,"3":0,"4":0,"5":0,"6":0},"f":{"0":0,"1":0},"b":{"0":[0,0]}}
,"/Users/clementadegbenro/CitizenShield/frontend/app/_layout.tsx": {"path":"/Users/clementadegbenro/CitizenShield/frontend/app/_layout.tsx","statementMap":{"0":{"start":{"line":16,"column":33},"end":{"line":18,"column":1}},"1":{"start":{"line":21,"column":26},"end":{"line":21,"column":43}},"2":{"start":{"line":23,"column":2},"end":{"line":28,"column":4}},"3":{"start":{"line":32,"column":26},"end":{"line":32,"column":53}},"4":{"start":{"line":33,"column":40},"end":{"line":33,"column":55}},"5":{"start":{"line":34,"column":26},"end":{"line":38,"column":4}},"6":{"start":{"line":40,"column":2},"end":{"line":42,"column":14}},"7":{"start":{"line":41,"column":4},"end":{"line":41,"column":27}},"8":{"start":{"line":41,"column":15},"end":{"line":41,"column":27}},"9":{"start":{"line":44,"column":2},"end":{"line":88,"column":9}},"10":{"start":{"line":47,"column":25},"end":{"line":80,"column":6}},"11":{"start":{"line":48,"column":6},"end":{"line":48,"column":27}},"12":{"start":{"line":49,"column":6},"end":{"line":49,"column":27}},"13":{"start":{"line":51,"column":6},"end":{"line":79,"column":7}},"14":{"start":{"line":52,"column":24},"end":{"line":52,"column":57}},"15":{"start":{"line":53,"column":8},"end":{"line":78,"column":10}},"16":{"start":{"line":55,"column":29},"end":{"line":55,"column":44}},"17":{"start":{"line":56,"column":12},"end":{"line":69,"column":13}},"18":{"start":{"line":57,"column":14},"end":{"line":68,"column":17}},"19":{"start":{"line":58,"column":16},"end":{"line":65,"column":18}},"20":{"start":{"line":67,"column":16},"end":{"line":67,"column":57}},"21":{"start":{"line":72,"column":12},"end":{"line":75,"column":13}},"22":{"start":{"line":73,"column":14},"end":{"line":73,"column":52}},"23":{"start":{"line":74,"column":14},"end":{"line":74,"column":21}},"24":{"start":{"line":76,"column":12},"end":{"line":76,"column":64}},"25":{"start":{"line":82,"column":4},"end":{"line":87,"column":6}},"26":{"start":{"line":83,"column":6},"end":{"line":83,"column":21}},"27":{"start":{"line":84,"column":6},"end":{"line":86,"column":7}},"28":{"start":{"line":85,"column":8},"end":{"line":85,"column":23}},"29":{"start":{"line":90,"column":2},"end":{"line":94,"column":15}},"30":{"start":{"line":91,"column":4},"end":{"line":93,"column":5}},"31":{"start":{"line":92,"column":6},"end":{"line":92,"column":31}},"32":{"start":{"line":96,"column":2},"end":{"line":98,"column":3}},"33":{"start":{"line":97,"column":4},"end":{"line":97,"column":16}},"34":{"start":{"line":100,"column":2},"end":{"line":104,"column":4}}},"fnMap":{"0":{"name":"RootLayoutNav","decl":{"start":{"line":20,"column":9},"end":{"line":20,"column":22}},"loc":{"start":{"line":20,"column":56},"end":{"line":29,"column":1}},"line":20},"1":{"name":"RootLayout","decl":{"start":{"line":31,"column":24},"end":{"line":31,"column":34}},"loc":{"start":{"line":31,"column":37},"end":{"line":105,"column":1}},"line":31},"2":{"name":"(anonymous_2)","decl":{"start":{"line":40,"column":12},"end":{"line":40,"column":13}},"loc":{"start":{"line":40,"column":18},"end":{"line":42,"column":3}},"line":40},"3":{"name":"(anonymous_3)","decl":{"start":{"line":44,"column":12},"end":{"line":44,"column":13}},"loc":{"start":{"line":44,"column":18},"end":{"line":88,"column":3}},"line":44},"4":{"name":"(anonymous_4)","decl":{"start":{"line":47,"column":49},"end":{"line":47,"column":50}},"loc":{"start":{"line":47,"column":66},"end":{"line":80,"column":5}},"line":47},"5":{"name":"(anonymous_5)","decl":{"start":{"line":54,"column":10},"end":{"line":54,"column":11}},"loc":{"start":{"line":54,"column":24},"end":{"line":70,"column":11}},"line":54},"6":{"name":"(anonymous_6)","decl":{"start":{"line":57,"column":33},"end":{"line":57,"column":34}},"loc":{"start":{"line":57,"column":39},"end":{"line":66,"column":15}},"line":57},"7":{"name":"(anonymous_7)","decl":{"start":{"line":63,"column":29},"end":{"line":63,"column":30}},"loc":{"start":{"line":63,"column":35},"end":{"line":63,"column":38}},"line":63},"8":{"name":"(anonymous_8)","decl":{"start":{"line":66,"column":23},"end":{"line":66,"column":24}},"loc":{"start":{"line":66,"column":32},"end":{"line":68,"column":15}},"line":66},"9":{"name":"(anonymous_9)","decl":{"start":{"line":71,"column":10},"end":{"line":71,"column":11}},"loc":{"start":{"line":71,"column":21},"end":{"line":77,"column":11}},"line":71},"10":{"name":"(anonymous_10)","decl":{"start":{"line":82,"column":11},"end":{"line":82,"column":12}},"loc":{"start":{"line":82,"column":17},"end":{"line":87,"column":5}},"line":82},"11":{"name":"(anonymous_11)","decl":{"start":{"line":90,"column":12},"end":{"line":90,"column":13}},"loc":{"start":{"line":90,"column":18},"end":{"line":94,"column":3}},"line":90}},"branchMap":{"0":{"loc":{"start":{"line":24,"column":36},"end":{"line":24,"column":89}},"type":"cond-expr","locations":[{"start":{"line":24,"column":61},"end":{"line":24,"column":73}},{"start":{"line":24,"column":76},"end":{"line":24,"column":89}}],"line":24},"1":{"loc":{"start":{"line":25,"column":7},"end":{"line":25,"column":70}},"type":"cond-expr","locations":[{"start":{"line":25,"column":14},"end":{"line":25,"column":46}},{"start":{"line":25,"column":49},"end":{"line":25,"column":70}}],"line":25},"2":{"loc":{"start":{"line":41,"column":4},"end":{"line":41,"column":27}},"type":"if","locations":[{"start":{"line":41,"column":4},"end":{"line":41,"column":27}},{"start":{},"end":{}}],"line":41},"3":{"loc":{"start":{"line":51,"column":6},"end":{"line":79,"column":7}},"type":"if","locations":[{"start":{"line":51,"column":6},"end":{"line":79,"column":7}},{"start":{},"end":{}}],"line":51},"4":{"loc":{"start":{"line":56,"column":12},"end":{"line":69,"column":13}},"type":"if","locations":[{"start":{"line":56,"column":12},"end":{"line":69,"column":13}},{"start":{},"end":{}}],"line":56},"5":{"loc":{"start":{"line":72,"column":12},"end":{"line":75,"column":13}},"type":"if","locations":[{"start":{"line":72,"column":12},"end":{"line":75,"column":13}},{"start":{},"end":{}}],"line":72},"6":{"loc":{"start":{"line":84,"column":6},"end":{"line":86,"column":7}},"type":"if","locations":[{"start":{"line":84,"column":6},"end":{"line":86,"column":7}},{"start":{},"end":{}}],"line":84},"7":{"loc":{"start":{"line":91,"column":4},"end":{"line":93,"column":5}},"type":"if","locations":[{"start":{"line":91,"column":4},"end":{"line":93,"column":5}},{"start":{},"end":{}}],"line":91},"8":{"loc":{"start":{"line":96,"column":2},"end":{"line":98,"column":3}},"type":"if","locations":[{"start":{"line":96,"column":2},"end":{"line":98,"column":3}},{"start":{},"end":{}}],"line":96},"9":{"loc":{"start":{"line":96,"column":6},"end":{"line":96,"column":29}},"type":"binary-expr","locations":[{"start":{"line":96,"column":6},"end":{"line":96,"column":13}},{"start":{"line":96,"column":17},"end":{"line":96,"column":29}}],"line":96}},"s":{"0":0,"1":0,"2":0,"3":0,"4":0,"5":0,"6":0,"7":0,"8":0,"9":0,"10":0,"11":0,"12":0,"13":0,"14":0,"15":0,"16":0,"17":0,"18":0,"19":0,"20":0,"21":0,"22":0,"23":0,"24":0,"25":0,"26":0,"27":0,"28":0,"29":0,"30":0,"31":0,"32":0,"33":0,"34":0},"f":{"0":0,"1":0,"2":0,"3":0,"4":0,"5":0,"6":0,"7":0,"8":0,"9":0,"10":0,"11":0},"b":{"0":[0,0],"1":[0,0],"2":[0,0],"3":[0,0],"4":[0,0],"5":[0,0],"6":[0,0],"7":[0,0],"8":[0,0],"9":[0,0]}}
,"/Users/clementadegbenro/CitizenShield/frontend/app/add-new-contact.tsx": {"path":"/Users/clementadegbenro/CitizenShield/frontend/app/add-new-contact.tsx","statementMap":{"0":{"start":{"line":11,"column":28},"end":{"line":11,"column":87}},"1":{"start":{"line":14,"column":23},"end":{"line":14,"column":33}},"2":{"start":{"line":15,"column":40},"end":{"line":19,"column":6}},"3":{"start":{"line":20,"column":34},"end":{"line":20,"column":49}},"4":{"start":{"line":22,"column":23},"end":{"line":50,"column":5}},"5":{"start":{"line":23,"column":8},"end":{"line":49,"column":9}},"6":{"start":{"line":24,"column":12},"end":{"line":24,"column":29}},"7":{"start":{"line":25,"column":12},"end":{"line":46,"column":13}},"8":{"start":{"line":26,"column":16},"end":{"line":28,"column":17}},"9":{"start":{"line":27,"column":20},"end":{"line":27,"column":79}},"10":{"start":{"line":30,"column":36},"end":{"line":34,"column":17}},"11":{"start":{"line":36,"column":16},"end":{"line":36,"column":79}},"12":{"start":{"line":38,"column":16},"end":{"line":40,"column":19}},"13":{"start":{"line":39,"column":49},"end":{"line":39,"column":62}},"14":{"start":{"line":42,"column":37},"end":{"line":42,"column":63}},"15":{"start":{"line":43,"column":16},"end":{"line":43,"column":51}},"16":{"start":{"line":45,"column":16},"end":{"line":45,"column":34}},"17":{"start":{"line":48,"column":12},"end":{"line":48,"column":67}},"18":{"start":{"line":52,"column":4},"end":{"line":134,"column":6}},"19":{"start":{"line":60,"column":57},"end":{"line":60,"column":70}},"20":{"start":{"line":74,"column":56},"end":{"line":74,"column":104}},"21":{"start":{"line":74,"column":79},"end":{"line":74,"column":102}},"22":{"start":{"line":89,"column":60},"end":{"line":89,"column":115}},"23":{"start":{"line":89,"column":83},"end":{"line":89,"column":113}},"24":{"start":{"line":99,"column":36},"end":{"line":116,"column":55}},"25":{"start":{"line":106,"column":55},"end":{"line":106,"column":113}},"26":{"start":{"line":106,"column":78},"end":{"line":106,"column":111}},"27":{"start":{"line":137,"column":15},"end":{"line":229,"column":2}}},"fnMap":{"0":{"name":"AddNewContactScreen","decl":{"start":{"line":13,"column":24},"end":{"line":13,"column":43}},"loc":{"start":{"line":13,"column":46},"end":{"line":135,"column":1}},"line":13},"1":{"name":"(anonymous_1)","decl":{"start":{"line":22,"column":23},"end":{"line":22,"column":24}},"loc":{"start":{"line":22,"column":35},"end":{"line":50,"column":5}},"line":22},"2":{"name":"(anonymous_2)","decl":{"start":{"line":39,"column":43},"end":{"line":39,"column":44}},"loc":{"start":{"line":39,"column":49},"end":{"line":39,"column":62}},"line":39},"3":{"name":"(anonymous_3)","decl":{"start":{"line":60,"column":51},"end":{"line":60,"column":52}},"loc":{"start":{"line":60,"column":57},"end":{"line":60,"column":70}},"line":60},"4":{"name":"(anonymous_4)","decl":{"start":{"line":74,"column":46},"end":{"line":74,"column":47}},"loc":{"start":{"line":74,"column":56},"end":{"line":74,"column":104}},"line":74},"5":{"name":"(anonymous_5)","decl":{"start":{"line":74,"column":70},"end":{"line":74,"column":71}},"loc":{"start":{"line":74,"column":79},"end":{"line":74,"column":102}},"line":74},"6":{"name":"(anonymous_6)","decl":{"start":{"line":89,"column":50},"end":{"line":89,"column":51}},"loc":{"start":{"line":89,"column":60},"end":{"line":89,"column":115}},"line":89},"7":{"name":"(anonymous_7)","decl":{"start":{"line":89,"column":74},"end":{"line":89,"column":75}},"loc":{"start":{"line":89,"column":83},"end":{"line":89,"column":113}},"line":89},"8":{"name":"(anonymous_8)","decl":{"start":{"line":98,"column":57},"end":{"line":98,"column":58}},"loc":{"start":{"line":99,"column":36},"end":{"line":116,"column":55}},"line":99},"9":{"name":"(anonymous_9)","decl":{"start":{"line":106,"column":49},"end":{"line":106,"column":50}},"loc":{"start":{"line":106,"column":55},"end":{"line":106,"column":113}},"line":106},"10":{"name":"(anonymous_10)","decl":{"start":{"line":106,"column":69},"end":{"line":106,"column":70}},"loc":{"start":{"line":106,"column":78},"end":{"line":106,"column":111}},"line":106}},"branchMap":{"0":{"loc":{"start":{"line":23,"column":8},"end":{"line":49,"column":9}},"type":"if","locations":[{"start":{"line":23,"column":8},"end":{"line":49,"column":9}},{"start":{"line":47,"column":15},"end":{"line":49,"column":9}}],"line":23},"1":{"loc":{"start":{"line":23,"column":12},"end":{"line":23,"column":80}},"type":"binary-expr","locations":[{"start":{"line":23,"column":12},"end":{"line":23,"column":27}},{"start":{"line":23,"column":31},"end":{"line":23,"column":53}},{"start":{"line":23,"column":57},"end":{"line":23,"column":80}}],"line":23},"2":{"loc":{"start":{"line":26,"column":16},"end":{"line":28,"column":17}},"type":"if","locations":[{"start":{"line":26,"column":16},"end":{"line":28,"column":17}},{"start":{},"end":{}}],"line":26},"3":{"loc":{"start":{"line":55,"column":26},"end":{"line":55,"column":70}},"type":"cond-expr","locations":[{"start":{"line":55,"column":50},"end":{"line":55,"column":59}},{"start":{"line":55,"column":62},"end":{"line":55,"column":70}}],"line":55},"4":{"loc":{"start":{"line":104,"column":44},"end":{"line":104,"column":146}},"type":"binary-expr","locations":[{"start":{"line":104,"column":44},"end":{"line":104,"column":78}},{"start":{"line":104,"column":82},"end":{"line":104,"column":146}}],"line":104},"5":{"loc":{"start":{"line":111,"column":57},"end":{"line":111,"column":115}},"type":"cond-expr","locations":[{"start":{"line":111,"column":94},"end":{"line":111,"column":101}},{"start":{"line":111,"column":104},"end":{"line":111,"column":115}}],"line":111},"6":{"loc":{"start":{"line":128,"column":29},"end":{"line":128,"column":67}},"type":"cond-expr","locations":[{"start":{"line":128,"column":39},"end":{"line":128,"column":50}},{"start":{"line":128,"column":53},"end":{"line":128,"column":67}}],"line":128}},"s":{"0":0,"1":0,"2":0,"3":0,"4":0,"5":0,"6":0,"7":0,"8":0,"9":0,"10":0,"11":0,"12":0,"13":0,"14":0,"15":0,"16":0,"17":0,"18":0,"19":0,"20":0,"21":0,"22":0,"23":0,"24":0,"25":0,"26":0,"27":0},"f":{"0":0,"1":0,"2":0,"3":0,"4":0,"5":0,"6":0,"7":0,"8":0,"9":0,"10":0},"b":{"0":[0,0],"1":[0,0,0],"2":[0,0],"3":[0,0],"4":[0,0],"5":[0,0],"6":[0,0]}}
,"/Users/clementadegbenro/CitizenShield/frontend/app/change-password.tsx": {"path":"/Users/clementadegbenro/CitizenShield/frontend/app/change-password.tsx","statementMap":{"0":{"start":{"line":13,"column":23},"end":{"line":13,"column":33}},"1":{"start":{"line":14,"column":50},"end":{"line":14,"column":62}},"2":{"start":{"line":15,"column":42},"end":{"line":15,"column":54}},"3":{"start":{"line":16,"column":50},"end":{"line":16,"column":62}},"4":{"start":{"line":17,"column":34},"end":{"line":17,"column":49}},"5":{"start":{"line":19,"column":33},"end":{"line":53,"column":5}},"6":{"start":{"line":20,"column":8},"end":{"line":23,"column":9}},"7":{"start":{"line":21,"column":12},"end":{"line":21,"column":62}},"8":{"start":{"line":22,"column":12},"end":{"line":22,"column":19}},"9":{"start":{"line":25,"column":8},"end":{"line":28,"column":9}},"10":{"start":{"line":26,"column":12},"end":{"line":26,"column":63}},"11":{"start":{"line":27,"column":12},"end":{"line":27,"column":19}},"12":{"start":{"line":30,"column":8},"end":{"line":30,"column":25}},"13":{"start":{"line":32,"column":8},"end":{"line":52,"column":9}},"14":{"start":{"line":33,"column":25},"end":{"line":33,"column":41}},"15":{"start":{"line":34,"column":12},"end":{"line":36,"column":13}},"16":{"start":{"line":35,"column":16},"end":{"line":35,"column":66}},"17":{"start":{"line":39,"column":31},"end":{"line":39,"column":88}},"18":{"start":{"line":40,"column":12},"end":{"line":40,"column":65}},"19":{"start":{"line":43,"column":12},"end":{"line":43,"column":52}},"20":{"start":{"line":45,"column":12},"end":{"line":45,"column":68}},"21":{"start":{"line":46,"column":12},"end":{"line":46,"column":26}},"22":{"start":{"line":48,"column":33},"end":{"line":48,"column":59}},"23":{"start":{"line":49,"column":12},"end":{"line":49,"column":47}},"24":{"start":{"line":51,"column":12},"end":{"line":51,"column":30}},"25":{"start":{"line":55,"column":4},"end":{"line":108,"column":6}},"26":{"start":{"line":59,"column":42},"end":{"line":59,"column":55}},"27":{"start":{"line":111,"column":15},"end":{"line":151,"column":2}}},"fnMap":{"0":{"name":"ChangePasswordScreen","decl":{"start":{"line":12,"column":24},"end":{"line":12,"column":44}},"loc":{"start":{"line":12,"column":47},"end":{"line":109,"column":1}},"line":12},"1":{"name":"(anonymous_1)","decl":{"start":{"line":19,"column":33},"end":{"line":19,"column":34}},"loc":{"start":{"line":19,"column":45},"end":{"line":53,"column":5}},"line":19},"2":{"name":"(anonymous_2)","decl":{"start":{"line":59,"column":36},"end":{"line":59,"column":37}},"loc":{"start":{"line":59,"column":42},"end":{"line":59,"column":55}},"line":59}},"branchMap":{"0":{"loc":{"start":{"line":20,"column":8},"end":{"line":23,"column":9}},"type":"if","locations":[{"start":{"line":20,"column":8},"end":{"line":23,"column":9}},{"start":{},"end":{}}],"line":20},"1":{"loc":{"start":{"line":20,"column":12},"end":{"line":20,"column":64}},"type":"binary-expr","locations":[{"start":{"line":20,"column":12},"end":{"line":20,"column":28}},{"start":{"line":20,"column":32},"end":{"line":20,"column":44}},{"start":{"line":20,"column":48},"end":{"line":20,"column":64}}],"line":20},"2":{"loc":{"start":{"line":25,"column":8},"end":{"line":28,"column":9}},"type":"if","locations":[{"start":{"line":25,"column":8},"end":{"line":28,"column":9}},{"start":{},"end":{}}],"line":25},"3":{"loc":{"start":{"line":34,"column":12},"end":{"line":36,"column":13}},"type":"if","locations":[{"start":{"line":34,"column":12},"end":{"line":36,"column":13}},{"start":{},"end":{}}],"line":34},"4":{"loc":{"start":{"line":34,"column":16},"end":{"line":34,"column":36}},"type":"binary-expr","locations":[{"start":{"line":34,"column":16},"end":{"line":34,"column":21}},{"start":{"line":34,"column":25},"end":{"line":34,"column":36}}],"line":34},"5":{"loc":{"start":{"line":103,"column":30},"end":{"line":103,"column":93}},"type":"binary-expr","locations":[{"start":{"line":103,"column":30},"end":{"line":103,"column":37}},{"start":{"line":103,"column":41},"end":{"line":103,"column":57}},{"start":{"line":103,"column":61},"end":{"line":103,"column":73}},{"start":{"line":103,"column":77},"end":{"line":103,"column":93}}],"line":103}},"s":{"0":0,"1":0,"2":0,"3":0,"4":0,"5":0,"6":0,"7":0,"8":0,"9":0,"10":0,"11":0,"12":0,"13":0,"14":0,"15":0,"16":0,"17":0,"18":0,"19":0,"20":0,"21":0,"22":0,"23":0,"24":0,"25":0,"26":0,"27":0},"f":{"0":0,"1":0,"2":0},"b":{"0":[0,0],"1":[0,0,0],"2":[0,0],"3":[0,0],"4":[0,0],"5":[0,0,0,0]}}
,"/Users/clementadegbenro/CitizenShield/frontend/app/contact-support.tsx": {"path":"/Users/clementadegbenro/CitizenShield/frontend/app/contact-support.tsx","statementMap":{"0":{"start":{"line":12,"column":25},"end":{"line":18,"column":1}},"1":{"start":{"line":21,"column":23},"end":{"line":21,"column":33}},"2":{"start":{"line":22,"column":34},"end":{"line":22,"column":46}},"3":{"start":{"line":23,"column":34},"end":{"line":23,"column":46}},"4":{"start":{"line":24,"column":34},"end":{"line":24,"column":49}},"5":{"start":{"line":25,"column":44},"end":{"line":25,"column":59}},"6":{"start":{"line":27,"column":25},"end":{"line":57,"column":5}},"7":{"start":{"line":28,"column":8},"end":{"line":31,"column":9}},"8":{"start":{"line":29,"column":12},"end":{"line":29,"column":83}},"9":{"start":{"line":30,"column":12},"end":{"line":30,"column":19}},"10":{"start":{"line":32,"column":8},"end":{"line":32,"column":25}},"11":{"start":{"line":34,"column":8},"end":{"line":56,"column":9}},"12":{"start":{"line":35,"column":12},"end":{"line":37,"column":13}},"13":{"start":{"line":36,"column":16},"end":{"line":36,"column":85}},"14":{"start":{"line":39,"column":35},"end":{"line":45,"column":13}},"15":{"start":{"line":47,"column":12},"end":{"line":47,"column":76}},"16":{"start":{"line":49,"column":12},"end":{"line":49,"column":85}},"17":{"start":{"line":50,"column":12},"end":{"line":50,"column":26}},"18":{"start":{"line":52,"column":33},"end":{"line":52,"column":59}},"19":{"start":{"line":53,"column":12},"end":{"line":53,"column":47}},"20":{"start":{"line":55,"column":12},"end":{"line":55,"column":30}},"21":{"start":{"line":59,"column":30},"end":{"line":69,"column":5}},"22":{"start":{"line":60,"column":8},"end":{"line":68,"column":20}},"23":{"start":{"line":63,"column":16},"end":{"line":63,"column":33}},"24":{"start":{"line":64,"column":16},"end":{"line":64,"column":39}},"25":{"start":{"line":71,"column":4},"end":{"line":132,"column":6}},"26":{"start":{"line":75,"column":42},"end":{"line":75,"column":55}},"27":{"start":{"line":83,"column":35},"end":{"line":83,"column":56}},"28":{"start":{"line":112,"column":38},"end":{"line":112,"column":60}},"29":{"start":{"line":120,"column":52},"end":{"line":120,"column":56}},"30":{"start":{"line":124,"column":43},"end":{"line":124,"column":65}},"31":{"start":{"line":135,"column":15},"end":{"line":202,"column":2}}},"fnMap":{"0":{"name":"ContactSupportScreen","decl":{"start":{"line":20,"column":24},"end":{"line":20,"column":44}},"loc":{"start":{"line":20,"column":47},"end":{"line":133,"column":1}},"line":20},"1":{"name":"(anonymous_1)","decl":{"start":{"line":27,"column":25},"end":{"line":27,"column":26}},"loc":{"start":{"line":27,"column":37},"end":{"line":57,"column":5}},"line":27},"2":{"name":"(anonymous_2)","decl":{"start":{"line":59,"column":30},"end":{"line":59,"column":31}},"loc":{"start":{"line":60,"column":8},"end":{"line":68,"column":20}},"line":60},"3":{"name":"(anonymous_3)","decl":{"start":{"line":62,"column":21},"end":{"line":62,"column":22}},"loc":{"start":{"line":62,"column":27},"end":{"line":65,"column":13}},"line":62},"4":{"name":"(anonymous_4)","decl":{"start":{"line":75,"column":36},"end":{"line":75,"column":37}},"loc":{"start":{"line":75,"column":42},"end":{"line":75,"column":55}},"line":75},"5":{"name":"(anonymous_5)","decl":{"start":{"line":83,"column":29},"end":{"line":83,"column":30}},"loc":{"start":{"line":83,"column":35},"end":{"line":83,"column":56}},"line":83},"6":{"name":"(anonymous_6)","decl":{"start":{"line":112,"column":32},"end":{"line":112,"column":33}},"loc":{"start":{"line":112,"column":38},"end":{"line":112,"column":60}},"line":112},"7":{"name":"(anonymous_7)","decl":{"start":{"line":120,"column":42},"end":{"line":120,"column":43}},"loc":{"start":{"line":120,"column":52},"end":{"line":120,"column":56}},"line":120},"8":{"name":"(anonymous_8)","decl":{"start":{"line":124,"column":37},"end":{"line":124,"column":38}},"loc":{"start":{"line":124,"column":43},"end":{"line":124,"column":65}},"line":124}},"branchMap":{"0":{"loc":{"start":{"line":28,"column":8},"end":{"line":31,"column":9}},"type":"if","locations":[{"start":{"line":28,"column":8},"end":{"line":31,"column":9}},{"start":{},"end":{}}],"line":28},"1":{"loc":{"start":{"line":28,"column":12},"end":{"line":28,"column":39}},"type":"binary-expr","locations":[{"start":{"line":28,"column":12},"end":{"line":28,"column":20}},{"start":{"line":28,"column":24},"end":{"line":28,"column":39}}],"line":28},"2":{"loc":{"start":{"line":35,"column":12},"end":{"line":37,"column":13}},"type":"if","locations":[{"start":{"line":35,"column":12},"end":{"line":37,"column":13}},{"start":{},"end":{}}],"line":35},"3":{"loc":{"start":{"line":85,"column":42},"end":{"line":85,"column":79}},"type":"cond-expr","locations":[{"start":{"line":85,"column":52},"end":{"line":85,"column":63}},{"start":{"line":85,"column":66},"end":{"line":85,"column":79}}],"line":85},"4":{"loc":{"start":{"line":86,"column":25},"end":{"line":86,"column":54}},"type":"binary-expr","locations":[{"start":{"line":86,"column":25},"end":{"line":86,"column":32}},{"start":{"line":86,"column":36},"end":{"line":86,"column":54}}],"line":86},"5":{"loc":{"start":{"line":104,"column":30},"end":{"line":104,"column":68}},"type":"binary-expr","locations":[{"start":{"line":104,"column":30},"end":{"line":104,"column":37}},{"start":{"line":104,"column":41},"end":{"line":104,"column":49}},{"start":{"line":104,"column":53},"end":{"line":104,"column":68}}],"line":104}},"s":{"0":0,"1":0,"2":0,"3":0,"4":0,"5":0,"6":0,"7":0,"8":0,"9":0,"10":0,"11":0,"12":0,"13":0,"14":0,"15":0,"16":0,"17":0,"18":0,"19":0,"20":0,"21":0,"22":0,"23":0,"24":0,"25":0,"26":0,"27":0,"28":0,"29":0,"30":0,"31":0},"f":{"0":0,"1":0,"2":0,"3":0,"4":0,"5":0,"6":0,"7":0,"8":0},"b":{"0":[0,0],"1":[0,0],"2":[0,0],"3":[0,0],"4":[0,0],"5":[0,0,0]}}
,"/Users/clementadegbenro/CitizenShield/frontend/app/create-post.tsx": {"path":"/Users/clementadegbenro/CitizenShield/frontend/app/create-post.tsx","statementMap":{"0":{"start":{"line":12,"column":24},"end":{"line":25,"column":1}},"1":{"start":{"line":27,"column":27},"end":{"line":269,"column":1}},"2":{"start":{"line":272,"column":23},"end":{"line":272,"column":33}},"3":{"start":{"line":273,"column":34},"end":{"line":273,"column":46}},"4":{"start":{"line":274,"column":46},"end":{"line":274,"column":58}},"5":{"start":{"line":275,"column":52},"end":{"line":275,"column":64}},"6":{"start":{"line":276,"column":34},"end":{"line":276,"column":46}},"7":{"start":{"line":277,"column":34},"end":{"line":277,"column":49}},"8":{"start":{"line":278,"column":58},"end":{"line":278,"column":73}},"9":{"start":{"line":279,"column":54},"end":{"line":279,"column":69}},"10":{"start":{"line":280,"column":60},"end":{"line":280,"column":75}},"11":{"start":{"line":282,"column":25},"end":{"line":311,"column":5}},"12":{"start":{"line":283,"column":8},"end":{"line":286,"column":9}},"13":{"start":{"line":284,"column":12},"end":{"line":284,"column":62}},"14":{"start":{"line":285,"column":12},"end":{"line":285,"column":19}},"15":{"start":{"line":287,"column":8},"end":{"line":287,"column":25}},"16":{"start":{"line":289,"column":8},"end":{"line":310,"column":9}},"17":{"start":{"line":290,"column":29},"end":{"line":299,"column":13}},"18":{"start":{"line":301,"column":12},"end":{"line":301,"column":60}},"19":{"start":{"line":303,"column":12},"end":{"line":303,"column":67}},"20":{"start":{"line":304,"column":12},"end":{"line":304,"column":41}},"21":{"start":{"line":306,"column":33},"end":{"line":306,"column":59}},"22":{"start":{"line":307,"column":12},"end":{"line":307,"column":47}},"23":{"start":{"line":309,"column":12},"end":{"line":309,"column":30}},"24":{"start":{"line":313,"column":29},"end":{"line":324,"column":5}},"25":{"start":{"line":315,"column":8},"end":{"line":323,"column":20}},"26":{"start":{"line":318,"column":16},"end":{"line":318,"column":37}},"27":{"start":{"line":319,"column":16},"end":{"line":319,"column":39}},"28":{"start":{"line":326,"column":4},"end":{"line":472,"column":6}},"29":{"start":{"line":336,"column":43},"end":{"line":336,"column":71}},"30":{"start":{"line":345,"column":39},"end":{"line":345,"column":67}},"31":{"start":{"line":354,"column":39},"end":{"line":354,"column":65}},"32":{"start":{"line":364,"column":43},"end":{"line":364,"column":72}},"33":{"start":{"line":395,"column":38},"end":{"line":395,"column":67}},"34":{"start":{"line":402,"column":54},"end":{"line":402,"column":149}},"35":{"start":{"line":403,"column":52},"end":{"line":403,"column":56}},"36":{"start":{"line":407,"column":43},"end":{"line":407,"column":72}},"37":{"start":{"line":418,"column":38},"end":{"line":418,"column":65}},"38":{"start":{"line":425,"column":54},"end":{"line":432,"column":30}},"39":{"start":{"line":428,"column":36},"end":{"line":428,"column":60}},"40":{"start":{"line":429,"column":36},"end":{"line":429,"column":60}},"41":{"start":{"line":433,"column":52},"end":{"line":433,"column":56}},"42":{"start":{"line":437,"column":43},"end":{"line":437,"column":70}},"43":{"start":{"line":448,"column":38},"end":{"line":448,"column":68}},"44":{"start":{"line":455,"column":54},"end":{"line":459,"column":30}},"45":{"start":{"line":460,"column":52},"end":{"line":460,"column":56}},"46":{"start":{"line":464,"column":43},"end":{"line":464,"column":73}},"47":{"start":{"line":475,"column":15},"end":{"line":543,"column":2}}},"fnMap":{"0":{"name":"CreatePostScreen","decl":{"start":{"line":271,"column":24},"end":{"line":271,"column":40}},"loc":{"start":{"line":271,"column":43},"end":{"line":473,"column":1}},"line":271},"1":{"name":"(anonymous_1)","decl":{"start":{"line":282,"column":25},"end":{"line":282,"column":26}},"loc":{"start":{"line":282,"column":37},"end":{"line":311,"column":5}},"line":282},"2":{"name":"(anonymous_2)","decl":{"start":{"line":313,"column":29},"end":{"line":313,"column":30}},"loc":{"start":{"line":315,"column":8},"end":{"line":323,"column":20}},"line":315},"3":{"name":"(anonymous_3)","decl":{"start":{"line":317,"column":21},"end":{"line":317,"column":22}},"loc":{"start":{"line":317,"column":27},"end":{"line":320,"column":13}},"line":317},"4":{"name":"(anonymous_4)","decl":{"start":{"line":336,"column":37},"end":{"line":336,"column":38}},"loc":{"start":{"line":336,"column":43},"end":{"line":336,"column":71}},"line":336},"5":{"name":"(anonymous_5)","decl":{"start":{"line":345,"column":33},"end":{"line":345,"column":34}},"loc":{"start":{"line":345,"column":39},"end":{"line":345,"column":67}},"line":345},"6":{"name":"(anonymous_6)","decl":{"start":{"line":354,"column":33},"end":{"line":354,"column":34}},"loc":{"start":{"line":354,"column":39},"end":{"line":354,"column":65}},"line":354},"7":{"name":"(anonymous_7)","decl":{"start":{"line":364,"column":37},"end":{"line":364,"column":38}},"loc":{"start":{"line":364,"column":43},"end":{"line":364,"column":72}},"line":364},"8":{"name":"(anonymous_8)","decl":{"start":{"line":395,"column":32},"end":{"line":395,"column":33}},"loc":{"start":{"line":395,"column":38},"end":{"line":395,"column":67}},"line":395},"9":{"name":"(anonymous_9)","decl":{"start":{"line":402,"column":40},"end":{"line":402,"column":41}},"loc":{"start":{"line":402,"column":54},"end":{"line":402,"column":149}},"line":402},"10":{"name":"(anonymous_10)","decl":{"start":{"line":403,"column":42},"end":{"line":403,"column":43}},"loc":{"start":{"line":403,"column":52},"end":{"line":403,"column":56}},"line":403},"11":{"name":"(anonymous_11)","decl":{"start":{"line":407,"column":37},"end":{"line":407,"column":38}},"loc":{"start":{"line":407,"column":43},"end":{"line":407,"column":72}},"line":407},"12":{"name":"(anonymous_12)","decl":{"start":{"line":418,"column":32},"end":{"line":418,"column":33}},"loc":{"start":{"line":418,"column":38},"end":{"line":418,"column":65}},"line":418},"13":{"name":"(anonymous_13)","decl":{"start":{"line":425,"column":40},"end":{"line":425,"column":41}},"loc":{"start":{"line":425,"column":54},"end":{"line":432,"column":30}},"line":425},"14":{"name":"(anonymous_14)","decl":{"start":{"line":427,"column":48},"end":{"line":427,"column":49}},"loc":{"start":{"line":427,"column":59},"end":{"line":430,"column":33}},"line":427},"15":{"name":"(anonymous_15)","decl":{"start":{"line":433,"column":42},"end":{"line":433,"column":43}},"loc":{"start":{"line":433,"column":52},"end":{"line":433,"column":56}},"line":433},"16":{"name":"(anonymous_16)","decl":{"start":{"line":437,"column":37},"end":{"line":437,"column":38}},"loc":{"start":{"line":437,"column":43},"end":{"line":437,"column":70}},"line":437},"17":{"name":"(anonymous_17)","decl":{"start":{"line":448,"column":32},"end":{"line":448,"column":33}},"loc":{"start":{"line":448,"column":38},"end":{"line":448,"column":68}},"line":448},"18":{"name":"(anonymous_18)","decl":{"start":{"line":455,"column":40},"end":{"line":455,"column":41}},"loc":{"start":{"line":455,"column":54},"end":{"line":459,"column":30}},"line":455},"19":{"name":"(anonymous_19)","decl":{"start":{"line":460,"column":42},"end":{"line":460,"column":43}},"loc":{"start":{"line":460,"column":52},"end":{"line":460,"column":56}},"line":460},"20":{"name":"(anonymous_20)","decl":{"start":{"line":464,"column":37},"end":{"line":464,"column":38}},"loc":{"start":{"line":464,"column":43},"end":{"line":464,"column":73}},"line":464}},"branchMap":{"0":{"loc":{"start":{"line":283,"column":8},"end":{"line":286,"column":9}},"type":"if","locations":[{"start":{"line":283,"column":8},"end":{"line":286,"column":9}},{"start":{},"end":{}}],"line":283},"1":{"loc":{"start":{"line":283,"column":12},"end":{"line":283,"column":78}},"type":"binary-expr","locations":[{"start":{"line":283,"column":12},"end":{"line":283,"column":20}},{"start":{"line":283,"column":24},"end":{"line":283,"column":38}},{"start":{"line":283,"column":42},"end":{"line":283,"column":59}},{"start":{"line":283,"column":63},"end":{"line":283,"column":78}}],"line":283},"2":{"loc":{"start":{"line":330,"column":26},"end":{"line":330,"column":70}},"type":"cond-expr","locations":[{"start":{"line":330,"column":50},"end":{"line":330,"column":59}},{"start":{"line":330,"column":62},"end":{"line":330,"column":70}}],"line":330},"3":{"loc":{"start":{"line":347,"column":46},"end":{"line":347,"column":83}},"type":"cond-expr","locations":[{"start":{"line":347,"column":56},"end":{"line":347,"column":67}},{"start":{"line":347,"column":70},"end":{"line":347,"column":83}}],"line":347},"4":{"loc":{"start":{"line":348,"column":29},"end":{"line":348,"column":63}},"type":"binary-expr","locations":[{"start":{"line":348,"column":29},"end":{"line":348,"column":36}},{"start":{"line":348,"column":40},"end":{"line":348,"column":63}}],"line":348},"5":{"loc":{"start":{"line":356,"column":46},"end":{"line":356,"column":89}},"type":"cond-expr","locations":[{"start":{"line":356,"column":62},"end":{"line":356,"column":73}},{"start":{"line":356,"column":76},"end":{"line":356,"column":89}}],"line":356},"6":{"loc":{"start":{"line":357,"column":29},"end":{"line":357,"column":60}},"type":"binary-expr","locations":[{"start":{"line":357,"column":29},"end":{"line":357,"column":42}},{"start":{"line":357,"column":46},"end":{"line":357,"column":60}}],"line":357},"7":{"loc":{"start":{"line":361,"column":21},"end":{"line":371,"column":21}},"type":"binary-expr","locations":[{"start":{"line":361,"column":21},"end":{"line":361,"column":34}},{"start":{"line":362,"column":24},"end":{"line":370,"column":36}}],"line":361},"8":{"loc":{"start":{"line":366,"column":50},"end":{"line":366,"column":96}},"type":"cond-expr","locations":[{"start":{"line":366,"column":69},"end":{"line":366,"column":80}},{"start":{"line":366,"column":83},"end":{"line":366,"column":96}}],"line":366},"9":{"loc":{"start":{"line":367,"column":33},"end":{"line":367,"column":70}},"type":"binary-expr","locations":[{"start":{"line":367,"column":33},"end":{"line":367,"column":49}},{"start":{"line":367,"column":53},"end":{"line":367,"column":70}}],"line":367},"10":{"loc":{"start":{"line":386,"column":34},"end":{"line":386,"column":100}},"type":"binary-expr","locations":[{"start":{"line":386,"column":34},"end":{"line":386,"column":42}},{"start":{"line":386,"column":46},"end":{"line":386,"column":60}},{"start":{"line":386,"column":64},"end":{"line":386,"column":81}},{"start":{"line":386,"column":85},"end":{"line":386,"column":100}}],"line":386},"11":{"loc":{"start":{"line":454,"column":34},"end":{"line":454,"column":108}},"type":"binary-expr","locations":[{"start":{"line":454,"column":34},"end":{"line":454,"column":102}},{"start":{"line":454,"column":106},"end":{"line":454,"column":108}}],"line":454}},"s":{"0":0,"1":0,"2":0,"3":0,"4":0,"5":0,"6":0,"7":0,"8":0,"9":0,"10":0,"11":0,"12":0,"13":0,"14":0,"15":0,"16":0,"17":0,"18":0,"19":0,"20":0,"21":0,"22":0,"23":0,"24":0,"25":0,"26":0,"27":0,"28":0,"29":0,"30":0,"31":0,"32":0,"33":0,"34":0,"35":0,"36":0,"37":0,"38":0,"39":0,"40":0,"41":0,"42":0,"43":0,"44":0,"45":0,"46":0,"47":0},"f":{"0":0,"1":0,"2":0,"3":0,"4":0,"5":0,"6":0,"7":0,"8":0,"9":0,"10":0,"11":0,"12":0,"13":0,"14":0,"15":0,"16":0,"17":0,"18":0,"19":0,"20":0},"b":{"0":[0,0],"1":[0,0,0,0],"2":[0,0],"3":[0,0],"4":[0,0],"5":[0,0],"6":[0,0],"7":[0,0],"8":[0,0],"9":[0,0],"10":[0,0,0,0],"11":[0,0]}}
,"/Users/clementadegbenro/CitizenShield/frontend/app/edit-profile.tsx": {"path":"/Users/clementadegbenro/CitizenShield/frontend/app/edit-profile.tsx","statementMap":{"0":{"start":{"line":16,"column":23},"end":{"line":16,"column":33}},"1":{"start":{"line":17,"column":36},"end":{"line":17,"column":48}},"2":{"start":{"line":18,"column":30},"end":{"line":18,"column":42}},"3":{"start":{"line":19,"column":42},"end":{"line":19,"column":54}},"4":{"start":{"line":20,"column":34},"end":{"line":20,"column":49}},"5":{"start":{"line":21,"column":50},"end":{"line":21,"column":79}},"6":{"start":{"line":23,"column":4},"end":{"line":25,"column":11}},"7":{"start":{"line":24,"column":8},"end":{"line":24,"column":27}},"8":{"start":{"line":27,"column":29},"end":{"line":47,"column":5}},"9":{"start":{"line":28,"column":8},"end":{"line":31,"column":9}},"10":{"start":{"line":29,"column":12},"end":{"line":29,"column":68}},"11":{"start":{"line":30,"column":12},"end":{"line":30,"column":19}},"12":{"start":{"line":33,"column":8},"end":{"line":46,"column":9}},"13":{"start":{"line":34,"column":28},"end":{"line":34,"column":80}},"14":{"start":{"line":35,"column":12},"end":{"line":41,"column":13}},"15":{"start":{"line":36,"column":33},"end":{"line":36,"column":47}},"16":{"start":{"line":37,"column":16},"end":{"line":37,"column":53}},"17":{"start":{"line":38,"column":16},"end":{"line":38,"column":47}},"18":{"start":{"line":39,"column":16},"end":{"line":39,"column":59}},"19":{"start":{"line":40,"column":16},"end":{"line":40,"column":69}},"20":{"start":{"line":43,"column":12},"end":{"line":43,"column":65}},"21":{"start":{"line":44,"column":33},"end":{"line":44,"column":59}},"22":{"start":{"line":45,"column":12},"end":{"line":45,"column":82}},"23":{"start":{"line":49,"column":23},"end":{"line":78,"column":5}},"24":{"start":{"line":50,"column":8},"end":{"line":53,"column":9}},"25":{"start":{"line":51,"column":12},"end":{"line":51,"column":68}},"26":{"start":{"line":52,"column":12},"end":{"line":52,"column":19}},"27":{"start":{"line":55,"column":8},"end":{"line":55,"column":25}},"28":{"start":{"line":57,"column":8},"end":{"line":77,"column":9}},"29":{"start":{"line":58,"column":28},"end":{"line":58,"column":66}},"30":{"start":{"line":59,"column":36},"end":{"line":59,"column":68}},"31":{"start":{"line":61,"column":12},"end":{"line":65,"column":13}},"32":{"start":{"line":62,"column":33},"end":{"line":62,"column":74}},"33":{"start":{"line":63,"column":16},"end":{"line":63,"column":54}},"34":{"start":{"line":64,"column":16},"end":{"line":64,"column":78}},"35":{"start":{"line":67,"column":12},"end":{"line":67,"column":49}},"36":{"start":{"line":69,"column":12},"end":{"line":69,"column":67}},"37":{"start":{"line":70,"column":12},"end":{"line":70,"column":26}},"38":{"start":{"line":72,"column":12},"end":{"line":72,"column":60}},"39":{"start":{"line":73,"column":33},"end":{"line":73,"column":59}},"40":{"start":{"line":74,"column":12},"end":{"line":74,"column":78}},"41":{"start":{"line":76,"column":12},"end":{"line":76,"column":30}},"42":{"start":{"line":80,"column":30},"end":{"line":97,"column":5}},"43":{"start":{"line":81,"column":8},"end":{"line":96,"column":9}},"44":{"start":{"line":82,"column":27},"end":{"line":87,"column":14}},"45":{"start":{"line":89,"column":12},"end":{"line":91,"column":13}},"46":{"start":{"line":90,"column":16},"end":{"line":90,"column":57}},"47":{"start":{"line":93,"column":12},"end":{"line":93,"column":57}},"48":{"start":{"line":94,"column":33},"end":{"line":94,"column":101}},"49":{"start":{"line":95,"column":12},"end":{"line":95,"column":74}},"50":{"start":{"line":99,"column":31},"end":{"line":117,"column":5}},"51":{"start":{"line":100,"column":8},"end":{"line":102,"column":9}},"52":{"start":{"line":101,"column":12},"end":{"line":101,"column":57}},"53":{"start":{"line":104,"column":8},"end":{"line":116,"column":9}},"54":{"start":{"line":105,"column":29},"end":{"line":105,"column":45}},"55":{"start":{"line":106,"column":25},"end":{"line":106,"column":46}},"56":{"start":{"line":107,"column":29},"end":{"line":107,"column":80}},"57":{"start":{"line":108,"column":31},"end":{"line":108,"column":53}},"58":{"start":{"line":110,"column":29},"end":{"line":110,"column":64}},"59":{"start":{"line":111,"column":12},"end":{"line":111,"column":65}},"60":{"start":{"line":112,"column":12},"end":{"line":112,"column":54}},"61":{"start":{"line":114,"column":12},"end":{"line":114,"column":69}},"62":{"start":{"line":115,"column":12},"end":{"line":115,"column":24}},"63":{"start":{"line":119,"column":4},"end":{"line":184,"column":6}},"64":{"start":{"line":123,"column":42},"end":{"line":123,"column":55}},"65":{"start":{"line":187,"column":15},"end":{"line":247,"column":2}}},"fnMap":{"0":{"name":"EditProfileScreen","decl":{"start":{"line":15,"column":24},"end":{"line":15,"column":41}},"loc":{"start":{"line":15,"column":44},"end":{"line":185,"column":1}},"line":15},"1":{"name":"(anonymous_1)","decl":{"start":{"line":23,"column":14},"end":{"line":23,"column":15}},"loc":{"start":{"line":23,"column":20},"end":{"line":25,"column":5}},"line":23},"2":{"name":"(anonymous_2)","decl":{"start":{"line":27,"column":29},"end":{"line":27,"column":30}},"loc":{"start":{"line":27,"column":41},"end":{"line":47,"column":5}},"line":27},"3":{"name":"(anonymous_3)","decl":{"start":{"line":49,"column":23},"end":{"line":49,"column":24}},"loc":{"start":{"line":49,"column":35},"end":{"line":78,"column":5}},"line":49},"4":{"name":"(anonymous_4)","decl":{"start":{"line":80,"column":30},"end":{"line":80,"column":31}},"loc":{"start":{"line":80,"column":42},"end":{"line":97,"column":5}},"line":80},"5":{"name":"(anonymous_5)","decl":{"start":{"line":99,"column":31},"end":{"line":99,"column":32}},"loc":{"start":{"line":99,"column":54},"end":{"line":117,"column":5}},"line":99},"6":{"name":"(anonymous_6)","decl":{"start":{"line":123,"column":36},"end":{"line":123,"column":37}},"loc":{"start":{"line":123,"column":42},"end":{"line":123,"column":55}},"line":123}},"branchMap":{"0":{"loc":{"start":{"line":28,"column":8},"end":{"line":31,"column":9}},"type":"if","locations":[{"start":{"line":28,"column":8},"end":{"line":31,"column":9}},{"start":{},"end":{}}],"line":28},"1":{"loc":{"start":{"line":35,"column":12},"end":{"line":41,"column":13}},"type":"if","locations":[{"start":{"line":35,"column":12},"end":{"line":41,"column":13}},{"start":{},"end":{}}],"line":35},"2":{"loc":{"start":{"line":37,"column":28},"end":{"line":37,"column":51}},"type":"binary-expr","locations":[{"start":{"line":37,"column":28},"end":{"line":37,"column":45}},{"start":{"line":37,"column":49},"end":{"line":37,"column":51}}],"line":37},"3":{"loc":{"start":{"line":38,"column":25},"end":{"line":38,"column":45}},"type":"binary-expr","locations":[{"start":{"line":38,"column":25},"end":{"line":38,"column":39}},{"start":{"line":38,"column":43},"end":{"line":38,"column":45}}],"line":38},"4":{"loc":{"start":{"line":39,"column":31},"end":{"line":39,"column":57}},"type":"binary-expr","locations":[{"start":{"line":39,"column":31},"end":{"line":39,"column":51}},{"start":{"line":39,"column":55},"end":{"line":39,"column":57}}],"line":39},"5":{"loc":{"start":{"line":40,"column":35},"end":{"line":40,"column":67}},"type":"binary-expr","locations":[{"start":{"line":40,"column":35},"end":{"line":40,"column":59}},{"start":{"line":40,"column":63},"end":{"line":40,"column":67}}],"line":40},"6":{"loc":{"start":{"line":50,"column":8},"end":{"line":53,"column":9}},"type":"if","locations":[{"start":{"line":50,"column":8},"end":{"line":53,"column":9}},{"start":{},"end":{}}],"line":50},"7":{"loc":{"start":{"line":61,"column":12},"end":{"line":65,"column":13}},"type":"if","locations":[{"start":{"line":61,"column":12},"end":{"line":65,"column":13}},{"start":{},"end":{}}],"line":61},"8":{"loc":{"start":{"line":89,"column":12},"end":{"line":91,"column":13}},"type":"if","locations":[{"start":{"line":89,"column":12},"end":{"line":91,"column":13}},{"start":{},"end":{}}],"line":89},"9":{"loc":{"start":{"line":89,"column":16},"end":{"line":89,"column":77}},"type":"binary-expr","locations":[{"start":{"line":89,"column":16},"end":{"line":89,"column":32}},{"start":{"line":89,"column":36},"end":{"line":89,"column":49}},{"start":{"line":89,"column":53},"end":{"line":89,"column":77}}],"line":89},"10":{"loc":{"start":{"line":94,"column":33},"end":{"line":94,"column":101}},"type":"cond-expr","locations":[{"start":{"line":94,"column":58},"end":{"line":94,"column":71}},{"start":{"line":94,"column":74},"end":{"line":94,"column":101}}],"line":94},"11":{"loc":{"start":{"line":100,"column":8},"end":{"line":102,"column":9}},"type":"if","locations":[{"start":{"line":100,"column":8},"end":{"line":102,"column":9}},{"start":{},"end":{}}],"line":100},"12":{"loc":{"start":{"line":132,"column":32},"end":{"line":132,"column":115}},"type":"cond-expr","locations":[{"start":{"line":132,"column":50},"end":{"line":132,"column":74}},{"start":{"line":132,"column":77},"end":{"line":132,"column":115}}],"line":132}},"s":{"0":0,"1":0,"2":0,"3":0,"4":0,"5":0,"6":0,"7":0,"8":0,"9":0,"10":0,"11":0,"12":0,"13":0,"14":0,"15":0,"16":0,"17":0,"18":0,"19":0,"20":0,"21":0,"22":0,"23":0,"24":0,"25":0,"26":0,"27":0,"28":0,"29":0,"30":0,"31":0,"32":0,"33":0,"34":0,"35":0,"36":0,"37":0,"38":0,"39":0,"40":0,"41":0,"42":0,"43":0,"44":0,"45":0,"46":0,"47":0,"48":0,"49":0,"50":0,"51":0,"52":0,"53":0,"54":0,"55":0,"56":0,"57":0,"58":0,"59":0,"60":0,"61":0,"62":0,"63":0,"64":0,"65":0},"f":{"0":0,"1":0,"2":0,"3":0,"4":0,"5":0,"6":0},"b":{"0":[0,0],"1":[0,0],"2":[0,0],"3":[0,0],"4":[0,0],"5":[0,0],"6":[0,0],"7":[0,0],"8":[0,0],"9":[0,0,0],"10":[0,0],"11":[0,0],"12":[0,0]}}
,"/Users/clementadegbenro/CitizenShield/frontend/app/emergency-contacts.tsx": {"path":"/Users/clementadegbenro/CitizenShield/frontend/app/emergency-contacts.tsx","statementMap":{"0":{"start":{"line":20,"column":23},"end":{"line":20,"column":33}},"1":{"start":{"line":21,"column":36},"end":{"line":21,"column":59}},"2":{"start":{"line":22,"column":34},"end":{"line":22,"column":48}},"3":{"start":{"line":24,"column":26},"end":{"line":45,"column":10}},"4":{"start":{"line":25,"column":8},"end":{"line":28,"column":9}},"5":{"start":{"line":26,"column":12},"end":{"line":26,"column":76}},"6":{"start":{"line":27,"column":12},"end":{"line":27,"column":19}},"7":{"start":{"line":30,"column":8},"end":{"line":30,"column":25}},"8":{"start":{"line":31,"column":8},"end":{"line":44,"column":9}},"9":{"start":{"line":32,"column":22},"end":{"line":32,"column":109}},"10":{"start":{"line":33,"column":34},"end":{"line":33,"column":50}},"11":{"start":{"line":34,"column":47},"end":{"line":34,"column":49}},"12":{"start":{"line":35,"column":12},"end":{"line":37,"column":15}},"13":{"start":{"line":36,"column":16},"end":{"line":36,"column":79}},"14":{"start":{"line":38,"column":12},"end":{"line":38,"column":41}},"15":{"start":{"line":40,"column":33},"end":{"line":40,"column":59}},"16":{"start":{"line":41,"column":12},"end":{"line":41,"column":47}},"17":{"start":{"line":43,"column":12},"end":{"line":43,"column":30}},"18":{"start":{"line":47,"column":4},"end":{"line":49,"column":24}},"19":{"start":{"line":48,"column":8},"end":{"line":48,"column":24}},"20":{"start":{"line":51,"column":26},"end":{"line":72,"column":10}},"21":{"start":{"line":52,"column":8},"end":{"line":71,"column":10}},"22":{"start":{"line":61,"column":24},"end":{"line":67,"column":25}},"23":{"start":{"line":62,"column":28},"end":{"line":62,"column":78}},"24":{"start":{"line":63,"column":28},"end":{"line":63,"column":107}},"25":{"start":{"line":63,"column":56},"end":{"line":63,"column":105}},"26":{"start":{"line":63,"column":87},"end":{"line":63,"column":104}},"27":{"start":{"line":65,"column":49},"end":{"line":65,"column":75}},"28":{"start":{"line":66,"column":28},"end":{"line":66,"column":63}},"29":{"start":{"line":74,"column":26},"end":{"line":85,"column":31}},"30":{"start":{"line":75,"column":8},"end":{"line":84,"column":15}},"31":{"start":{"line":81,"column":45},"end":{"line":81,"column":67}},"32":{"start":{"line":87,"column":25},"end":{"line":94,"column":16}},"33":{"start":{"line":88,"column":8},"end":{"line":93,"column":15}},"34":{"start":{"line":89,"column":45},"end":{"line":89,"column":58}},"35":{"start":{"line":96,"column":4},"end":{"line":114,"column":6}},"36":{"start":{"line":101,"column":40},"end":{"line":101,"column":47}},"37":{"start":{"line":109,"column":31},"end":{"line":109,"column":62}},"38":{"start":{"line":117,"column":15},"end":{"line":164,"column":2}}},"fnMap":{"0":{"name":"EmergencyContactsScreen","decl":{"start":{"line":19,"column":24},"end":{"line":19,"column":47}},"loc":{"start":{"line":19,"column":50},"end":{"line":115,"column":1}},"line":19},"1":{"name":"(anonymous_1)","decl":{"start":{"line":24,"column":38},"end":{"line":24,"column":39}},"loc":{"start":{"line":24,"column":50},"end":{"line":45,"column":5}},"line":24},"2":{"name":"(anonymous_2)","decl":{"start":{"line":35,"column":34},"end":{"line":35,"column":35}},"loc":{"start":{"line":35,"column":43},"end":{"line":37,"column":13}},"line":35},"3":{"name":"(anonymous_3)","decl":{"start":{"line":47,"column":14},"end":{"line":47,"column":15}},"loc":{"start":{"line":47,"column":20},"end":{"line":49,"column":5}},"line":47},"4":{"name":"(anonymous_4)","decl":{"start":{"line":51,"column":38},"end":{"line":51,"column":39}},"loc":{"start":{"line":51,"column":60},"end":{"line":72,"column":5}},"line":51},"5":{"name":"(anonymous_5)","decl":{"start":{"line":60,"column":29},"end":{"line":60,"column":30}},"loc":{"start":{"line":60,"column":41},"end":{"line":68,"column":21}},"line":60},"6":{"name":"(anonymous_6)","decl":{"start":{"line":63,"column":40},"end":{"line":63,"column":41}},"loc":{"start":{"line":63,"column":56},"end":{"line":63,"column":105}},"line":63},"7":{"name":"(anonymous_7)","decl":{"start":{"line":63,"column":76},"end":{"line":63,"column":77}},"loc":{"start":{"line":63,"column":87},"end":{"line":63,"column":104}},"line":63},"8":{"name":"(anonymous_8)","decl":{"start":{"line":74,"column":38},"end":{"line":74,"column":39}},"loc":{"start":{"line":75,"column":8},"end":{"line":84,"column":15}},"line":75},"9":{"name":"(anonymous_9)","decl":{"start":{"line":81,"column":39},"end":{"line":81,"column":40}},"loc":{"start":{"line":81,"column":45},"end":{"line":81,"column":67}},"line":81},"10":{"name":"(anonymous_10)","decl":{"start":{"line":87,"column":37},"end":{"line":87,"column":38}},"loc":{"start":{"line":88,"column":8},"end":{"line":93,"column":15}},"line":88},"11":{"name":"(anonymous_11)","decl":{"start":{"line":89,"column":39},"end":{"line":89,"column":40}},"loc":{"start":{"line":89,"column":45},"end":{"line":89,"column":58}},"line":89},"12":{"name":"(anonymous_12)","decl":{"start":{"line":101,"column":30},"end":{"line":101,"column":31}},"loc":{"start":{"line":101,"column":40},"end":{"line":101,"column":47}},"line":101},"13":{"name":"(anonymous_13)","decl":{"start":{"line":109,"column":25},"end":{"line":109,"column":26}},"loc":{"start":{"line":109,"column":31},"end":{"line":109,"column":62}},"line":109}},"branchMap":{"0":{"loc":{"start":{"line":25,"column":8},"end":{"line":28,"column":9}},"type":"if","locations":[{"start":{"line":25,"column":8},"end":{"line":28,"column":9}},{"start":{},"end":{}}],"line":25}},"s":{"0":0,"1":0,"2":0,"3":0,"4":0,"5":0,"6":0,"7":0,"8":0,"9":0,"10":0,"11":0,"12":0,"13":0,"14":0,"15":0,"16":0,"17":0,"18":0,"19":0,"20":0,"21":0,"22":0,"23":0,"24":0,"25":0,"26":0,"27":0,"28":0,"29":0,"30":0,"31":0,"32":0,"33":0,"34":0,"35":0,"36":0,"37":0,"38":0},"f":{"0":0,"1":0,"2":0,"3":0,"4":0,"5":0,"6":0,"7":0,"8":0,"9":0,"10":0,"11":0,"12":0,"13":0},"b":{"0":[0,0]}}
,"/Users/clementadegbenro/CitizenShield/frontend/app/forgot-password.tsx": {"path":"/Users/clementadegbenro/CitizenShield/frontend/app/forgot-password.tsx","statementMap":{"0":{"start":{"line":13,"column":23},"end":{"line":13,"column":33}},"1":{"start":{"line":14,"column":30},"end":{"line":14,"column":42}},"2":{"start":{"line":15,"column":34},"end":{"line":15,"column":49}},"3":{"start":{"line":17,"column":32},"end":{"line":35,"column":5}},"4":{"start":{"line":18,"column":8},"end":{"line":21,"column":9}},"5":{"start":{"line":19,"column":12},"end":{"line":19,"column":68}},"6":{"start":{"line":20,"column":12},"end":{"line":20,"column":19}},"7":{"start":{"line":23,"column":8},"end":{"line":23,"column":25}},"8":{"start":{"line":25,"column":8},"end":{"line":34,"column":9}},"9":{"start":{"line":26,"column":12},"end":{"line":26,"column":54}},"10":{"start":{"line":27,"column":12},"end":{"line":27,"column":90}},"11":{"start":{"line":28,"column":12},"end":{"line":28,"column":26}},"12":{"start":{"line":30,"column":33},"end":{"line":30,"column":59}},"13":{"start":{"line":31,"column":12},"end":{"line":31,"column":47}},"14":{"start":{"line":33,"column":12},"end":{"line":33,"column":30}},"15":{"start":{"line":37,"column":4},"end":{"line":73,"column":6}},"16":{"start":{"line":76,"column":15},"end":{"line":118,"column":2}}},"fnMap":{"0":{"name":"ForgotPasswordScreen","decl":{"start":{"line":12,"column":24},"end":{"line":12,"column":44}},"loc":{"start":{"line":12,"column":47},"end":{"line":74,"column":1}},"line":12},"1":{"name":"(anonymous_1)","decl":{"start":{"line":17,"column":32},"end":{"line":17,"column":33}},"loc":{"start":{"line":17,"column":44},"end":{"line":35,"column":5}},"line":17},"2":{"name":"(anonymous_2)","decl":{"start":{"line":66,"column":33},"end":{"line":66,"column":34}},"loc":{"start":{"line":66,"column":39},"end":{"line":66,"column":42}},"line":66}},"branchMap":{"0":{"loc":{"start":{"line":18,"column":8},"end":{"line":21,"column":9}},"type":"if","locations":[{"start":{"line":18,"column":8},"end":{"line":21,"column":9}},{"start":{},"end":{}}],"line":18}},"s":{"0":0,"1":0,"2":0,"3":0,"4":0,"5":0,"6":0,"7":0,"8":0,"9":0,"10":0,"11":0,"12":0,"13":0,"14":0,"15":0,"16":0},"f":{"0":0,"1":0,"2":0},"b":{"0":[0,0]}}
,"/Users/clementadegbenro/CitizenShield/frontend/app/index.tsx": {"path":"/Users/clementadegbenro/CitizenShield/frontend/app/index.tsx","statementMap":{"0":{"start":{"line":8,"column":18},"end":{"line":8,"column":42}},"1":{"start":{"line":12,"column":23},"end":{"line":12,"column":33}},"2":{"start":{"line":15,"column":21},"end":{"line":15,"column":42}},"3":{"start":{"line":16,"column":22},"end":{"line":16,"column":44}},"4":{"start":{"line":18,"column":4},"end":{"line":32,"column":11}},"5":{"start":{"line":20,"column":8},"end":{"line":31,"column":19}},"6":{"start":{"line":35,"column":24},"end":{"line":37,"column":5}},"7":{"start":{"line":36,"column":8},"end":{"line":36,"column":33}},"8":{"start":{"line":40,"column":25},"end":{"line":42,"column":5}},"9":{"start":{"line":41,"column":8},"end":{"line":41,"column":34}},"10":{"start":{"line":44,"column":4},"end":{"line":93,"column":6}},"11":{"start":{"line":97,"column":15},"end":{"line":166,"column":2}}},"fnMap":{"0":{"name":"LaunchScreen","decl":{"start":{"line":10,"column":24},"end":{"line":10,"column":36}},"loc":{"start":{"line":10,"column":39},"end":{"line":94,"column":1}},"line":10},"1":{"name":"(anonymous_1)","decl":{"start":{"line":18,"column":14},"end":{"line":18,"column":15}},"loc":{"start":{"line":18,"column":20},"end":{"line":32,"column":5}},"line":18},"2":{"name":"(anonymous_2)","decl":{"start":{"line":35,"column":24},"end":{"line":35,"column":25}},"loc":{"start":{"line":35,"column":30},"end":{"line":37,"column":5}},"line":35},"3":{"name":"(anonymous_3)","decl":{"start":{"line":40,"column":25},"end":{"line":40,"column":26}},"loc":{"start":{"line":40,"column":31},"end":{"line":42,"column":5}},"line":40}},"branchMap":{},"s":{"0":0,"1":0,"2":0,"3":0,"4":0,"5":0,"6":0,"7":0,"8":0,"9":0,"10":0,"11":0},"f":{"0":0,"1":0,"2":0,"3":0},"b":{}}
,"/Users/clementadegbenro/CitizenShield/frontend/app/login.tsx": {"path":"/Users/clementadegbenro/CitizenShield/frontend/app/login.tsx","statementMap":{"0":{"start":{"line":13,"column":18},"end":{"line":13,"column":42}},"1":{"start":{"line":16,"column":23},"end":{"line":16,"column":33}},"2":{"start":{"line":17,"column":30},"end":{"line":17,"column":42}},"3":{"start":{"line":18,"column":36},"end":{"line":18,"column":48}},"4":{"start":{"line":19,"column":34},"end":{"line":19,"column":49}},"5":{"start":{"line":21,"column":24},"end":{"line":54,"column":5}},"6":{"start":{"line":22,"column":8},"end":{"line":25,"column":9}},"7":{"start":{"line":23,"column":12},"end":{"line":23,"column":73}},"8":{"start":{"line":24,"column":12},"end":{"line":24,"column":19}},"9":{"start":{"line":27,"column":8},"end":{"line":27,"column":25}},"10":{"start":{"line":29,"column":8},"end":{"line":53,"column":9}},"11":{"start":{"line":31,"column":12},"end":{"line":31,"column":68}},"12":{"start":{"line":34,"column":12},"end":{"line":47,"column":13}},"13":{"start":{"line":35,"column":32},"end":{"line":35,"column":84}},"14":{"start":{"line":36,"column":33},"end":{"line":36,"column":47}},"15":{"start":{"line":38,"column":16},"end":{"line":43,"column":17}},"16":{"start":{"line":40,"column":20},"end":{"line":40,"column":40}},"17":{"start":{"line":41,"column":20},"end":{"line":41,"column":128}},"18":{"start":{"line":42,"column":20},"end":{"line":42,"column":27}},"19":{"start":{"line":46,"column":16},"end":{"line":46,"column":47}},"20":{"start":{"line":49,"column":33},"end":{"line":49,"column":59}},"21":{"start":{"line":50,"column":12},"end":{"line":50,"column":54}},"22":{"start":{"line":52,"column":12},"end":{"line":52,"column":30}},"23":{"start":{"line":56,"column":4},"end":{"line":129,"column":6}},"24":{"start":{"line":132,"column":15},"end":{"line":201,"column":2}}},"fnMap":{"0":{"name":"LoginScreen","decl":{"start":{"line":15,"column":24},"end":{"line":15,"column":35}},"loc":{"start":{"line":15,"column":38},"end":{"line":130,"column":1}},"line":15},"1":{"name":"(anonymous_1)","decl":{"start":{"line":21,"column":24},"end":{"line":21,"column":25}},"loc":{"start":{"line":21,"column":36},"end":{"line":54,"column":5}},"line":21},"2":{"name":"(anonymous_2)","decl":{"start":{"line":113,"column":37},"end":{"line":113,"column":38}},"loc":{"start":{"line":113,"column":43},"end":{"line":113,"column":46}},"line":113},"3":{"name":"(anonymous_3)","decl":{"start":{"line":121,"column":37},"end":{"line":121,"column":38}},"loc":{"start":{"line":121,"column":43},"end":{"line":121,"column":46}},"line":121}},"branchMap":{"0":{"loc":{"start":{"line":22,"column":8},"end":{"line":25,"column":9}},"type":"if","locations":[{"start":{"line":22,"column":8},"end":{"line":25,"column":9}},{"start":{},"end":{}}],"line":22},"1":{"loc":{"start":{"line":22,"column":12},"end":{"line":22,"column":57}},"type":"binary-expr","locations":[{"start":{"line":22,"column":12},"end":{"line":22,"column":31}},{"start":{"line":22,"column":35},"end":{"line":22,"column":57}}],"line":22},"2":{"loc":{"start":{"line":34,"column":12},"end":{"line":47,"column":13}},"type":"if","locations":[{"start":{"line":34,"column":12},"end":{"line":47,"column":13}},{"start":{},"end":{}}],"line":34},"3":{"loc":{"start":{"line":38,"column":16},"end":{"line":43,"column":17}},"type":"if","locations":[{"start":{"line":38,"column":16},"end":{"line":43,"column":17}},{"start":{},"end":{}}],"line":38},"4":{"loc":{"start":{"line":60,"column":26},"end":{"line":60,"column":70}},"type":"cond-expr","locations":[{"start":{"line":60,"column":50},"end":{"line":60,"column":59}},{"start":{"line":60,"column":62},"end":{"line":60,"column":70}}],"line":60}},"s":{"0":0,"1":0,"2":0,"3":0,"4":0,"5":0,"6":0,"7":0,"8":0,"9":0,"10":0,"11":0,"12":0,"13":0,"14":0,"15":0,"16":0,"17":0,"18":0,"19":0,"20":0,"21":0,"22":0,"23":0,"24":0},"f":{"0":0,"1":0,"2":0,"3":0},"b":{"0":[0,0],"1":[0,0],"2":[0,0],"3":[0,0],"4":[0,0]}}
,"/Users/clementadegbenro/CitizenShield/frontend/app/modal.tsx": {"path":"/Users/clementadegbenro/CitizenShield/frontend/app/modal.tsx","statementMap":{"0":{"start":{"line":15,"column":2},"end":{"line":35,"column":4}},"1":{"start":{"line":38,"column":15},"end":{"line":65,"column":2}}},"fnMap":{"0":{"name":"Modal","decl":{"start":{"line":14,"column":24},"end":{"line":14,"column":29}},"loc":{"start":{"line":14,"column":81},"end":{"line":36,"column":1}},"line":14}},"branchMap":{},"s":{"0":0,"1":0},"f":{"0":0},"b":{}}
,"/Users/clementadegbenro/CitizenShield/frontend/app/notifications.tsx": {"path":"/Users/clementadegbenro/CitizenShield/frontend/app/notifications.tsx","statementMap":{"0":{"start":{"line":21,"column":28},"end":{"line":133,"column":1}},"1":{"start":{"line":22,"column":23},"end":{"line":22,"column":33}},"2":{"start":{"line":23,"column":46},"end":{"line":23,"column":74}},"3":{"start":{"line":24,"column":34},"end":{"line":24,"column":48}},"4":{"start":{"line":25,"column":40},"end":{"line":25,"column":55}},"5":{"start":{"line":27,"column":31},"end":{"line":75,"column":5}},"6":{"start":{"line":28,"column":8},"end":{"line":32,"column":9}},"7":{"start":{"line":29,"column":12},"end":{"line":29,"column":81}},"8":{"start":{"line":30,"column":12},"end":{"line":30,"column":37}},"9":{"start":{"line":31,"column":12},"end":{"line":31,"column":19}},"10":{"start":{"line":34,"column":33},"end":{"line":34,"column":64}},"11":{"start":{"line":36,"column":18},"end":{"line":39,"column":9}},"12":{"start":{"line":41,"column":8},"end":{"line":74,"column":10}},"13":{"start":{"line":44,"column":16},"end":{"line":66,"column":17}},"14":{"start":{"line":45,"column":62},"end":{"line":45,"column":64}},"15":{"start":{"line":46,"column":20},"end":{"line":58,"column":23}},"16":{"start":{"line":47,"column":49},"end":{"line":47,"column":59}},"17":{"start":{"line":51,"column":24},"end":{"line":57,"column":25}},"18":{"start":{"line":53,"column":28},"end":{"line":56,"column":47}},"19":{"start":{"line":59,"column":20},"end":{"line":59,"column":56}},"20":{"start":{"line":61,"column":41},"end":{"line":61,"column":67}},"21":{"start":{"line":62,"column":20},"end":{"line":62,"column":90}},"22":{"start":{"line":64,"column":20},"end":{"line":64,"column":38}},"23":{"start":{"line":65,"column":20},"end":{"line":65,"column":41}},"24":{"start":{"line":69,"column":37},"end":{"line":69,"column":63}},"25":{"start":{"line":70,"column":16},"end":{"line":70,"column":86}},"26":{"start":{"line":71,"column":16},"end":{"line":71,"column":34}},"27":{"start":{"line":72,"column":16},"end":{"line":72,"column":37}},"28":{"start":{"line":77,"column":4},"end":{"line":84,"column":11}},"29":{"start":{"line":78,"column":28},"end":{"line":78,"column":48}},"30":{"start":{"line":79,"column":8},"end":{"line":83,"column":10}},"31":{"start":{"line":80,"column":12},"end":{"line":82,"column":13}},"32":{"start":{"line":81,"column":16},"end":{"line":81,"column":30}},"33":{"start":{"line":86,"column":22},"end":{"line":89,"column":5}},"34":{"start":{"line":87,"column":8},"end":{"line":87,"column":28}},"35":{"start":{"line":88,"column":8},"end":{"line":88,"column":29}},"36":{"start":{"line":91,"column":23},"end":{"line":98,"column":5}},"37":{"start":{"line":92,"column":8},"end":{"line":97,"column":10}},"38":{"start":{"line":100,"column":4},"end":{"line":132,"column":6}},"39":{"start":{"line":103,"column":49},"end":{"line":103,"column":62}},"40":{"start":{"line":112,"column":40},"end":{"line":112,"column":47}},"41":{"start":{"line":118,"column":20},"end":{"line":128,"column":27}},"42":{"start":{"line":135,"column":15},"end":{"line":170,"column":2}}},"fnMap":{"0":{"name":"(anonymous_0)","decl":{"start":{"line":21,"column":28},"end":{"line":21,"column":29}},"loc":{"start":{"line":21,"column":34},"end":{"line":133,"column":1}},"line":21},"1":{"name":"(anonymous_1)","decl":{"start":{"line":27,"column":31},"end":{"line":27,"column":32}},"loc":{"start":{"line":27,"column":37},"end":{"line":75,"column":5}},"line":27},"2":{"name":"(anonymous_2)","decl":{"start":{"line":43,"column":12},"end":{"line":43,"column":13}},"loc":{"start":{"line":43,"column":31},"end":{"line":67,"column":13}},"line":43},"3":{"name":"(anonymous_3)","decl":{"start":{"line":46,"column":42},"end":{"line":46,"column":43}},"loc":{"start":{"line":46,"column":51},"end":{"line":58,"column":21}},"line":46},"4":{"name":"(anonymous_4)","decl":{"start":{"line":68,"column":12},"end":{"line":68,"column":13}},"loc":{"start":{"line":68,"column":23},"end":{"line":73,"column":13}},"line":68},"5":{"name":"(anonymous_5)","decl":{"start":{"line":77,"column":14},"end":{"line":77,"column":15}},"loc":{"start":{"line":77,"column":20},"end":{"line":84,"column":5}},"line":77},"6":{"name":"(anonymous_6)","decl":{"start":{"line":79,"column":15},"end":{"line":79,"column":16}},"loc":{"start":{"line":79,"column":21},"end":{"line":83,"column":9}},"line":79},"7":{"name":"(anonymous_7)","decl":{"start":{"line":86,"column":22},"end":{"line":86,"column":23}},"loc":{"start":{"line":86,"column":28},"end":{"line":89,"column":5}},"line":86},"8":{"name":"(anonymous_8)","decl":{"start":{"line":91,"column":23},"end":{"line":91,"column":24}},"loc":{"start":{"line":92,"column":8},"end":{"line":97,"column":10}},"line":92},"9":{"name":"(anonymous_9)","decl":{"start":{"line":103,"column":43},"end":{"line":103,"column":44}},"loc":{"start":{"line":103,"column":49},"end":{"line":103,"column":62}},"line":103},"10":{"name":"(anonymous_10)","decl":{"start":{"line":112,"column":30},"end":{"line":112,"column":31}},"loc":{"start":{"line":112,"column":40},"end":{"line":112,"column":47}},"line":112},"11":{"name":"(anonymous_11)","decl":{"start":{"line":117,"column":36},"end":{"line":117,"column":37}},"loc":{"start":{"line":118,"column":20},"end":{"line":128,"column":27}},"line":118}},"branchMap":{"0":{"loc":{"start":{"line":28,"column":8},"end":{"line":32,"column":9}},"type":"if","locations":[{"start":{"line":28,"column":8},"end":{"line":32,"column":9}},{"start":{},"end":{}}],"line":28},"1":{"loc":{"start":{"line":51,"column":24},"end":{"line":57,"column":25}},"type":"if","locations":[{"start":{"line":51,"column":24},"end":{"line":57,"column":25}},{"start":{},"end":{}}],"line":51},"2":{"loc":{"start":{"line":51,"column":28},"end":{"line":52,"column":83}},"type":"binary-expr","locations":[{"start":{"line":51,"column":28},"end":{"line":51,"column":58}},{"start":{"line":52,"column":28},"end":{"line":52,"column":83}}],"line":51},"3":{"loc":{"start":{"line":80,"column":12},"end":{"line":82,"column":13}},"type":"if","locations":[{"start":{"line":80,"column":12},"end":{"line":82,"column":13}},{"start":{},"end":{}}],"line":80}},"s":{"0":0,"1":0,"2":0,"3":0,"4":0,"5":0,"6":0,"7":0,"8":0,"9":0,"10":0,"11":0,"12":0,"13":0,"14":0,"15":0,"16":0,"17":0,"18":0,"19":0,"20":0,"21":0,"22":0,"23":0,"24":0,"25":0,"26":0,"27":0,"28":0,"29":0,"30":0,"31":0,"32":0,"33":0,"34":0,"35":0,"36":0,"37":0,"38":0,"39":0,"40":0,"41":0,"42":0},"f":{"0":0,"1":0,"2":0,"3":0,"4":0,"5":0,"6":0,"7":0,"8":0,"9":0,"10":0,"11":0},"b":{"0":[0,0],"1":[0,0],"2":[0,0],"3":[0,0]}}
,"/Users/clementadegbenro/CitizenShield/frontend/app/police-database.tsx": {"path":"/Users/clementadegbenro/CitizenShield/frontend/app/police-database.tsx","statementMap":{"0":{"start":{"line":18,"column":39},"end":{"line":160,"column":1}},"1":{"start":{"line":163,"column":23},"end":{"line":163,"column":33}},"2":{"start":{"line":164,"column":42},"end":{"line":164,"column":54}},"3":{"start":{"line":165,"column":56},"end":{"line":165,"column":88}},"4":{"start":{"line":167,"column":23},"end":{"line":179,"column":5}},"5":{"start":{"line":168,"column":32},"end":{"line":168,"column":61}},"6":{"start":{"line":169,"column":25},"end":{"line":169,"column":49}},"7":{"start":{"line":171,"column":8},"end":{"line":178,"column":77}},"8":{"start":{"line":173,"column":16},"end":{"line":175,"column":17}},"9":{"start":{"line":174,"column":20},"end":{"line":174,"column":53}},"10":{"start":{"line":176,"column":16},"end":{"line":176,"column":85}},"11":{"start":{"line":178,"column":26},"end":{"line":178,"column":75}},"12":{"start":{"line":181,"column":27},"end":{"line":191,"column":5}},"13":{"start":{"line":182,"column":8},"end":{"line":190,"column":11}},"14":{"start":{"line":183,"column":27},"end":{"line":183,"column":40}},"15":{"start":{"line":184,"column":12},"end":{"line":188,"column":13}},"16":{"start":{"line":185,"column":16},"end":{"line":185,"column":45}},"17":{"start":{"line":187,"column":16},"end":{"line":187,"column":42}},"18":{"start":{"line":189,"column":12},"end":{"line":189,"column":26}},"19":{"start":{"line":193,"column":25},"end":{"line":200,"column":52}},"20":{"start":{"line":193,"column":61},"end":{"line":200,"column":5}},"21":{"start":{"line":196,"column":12},"end":{"line":198,"column":93}},"22":{"start":{"line":197,"column":40},"end":{"line":197,"column":65}},"23":{"start":{"line":200,"column":27},"end":{"line":200,"column":51}},"24":{"start":{"line":202,"column":26},"end":{"line":223,"column":5}},"25":{"start":{"line":203,"column":8},"end":{"line":222,"column":15}},"26":{"start":{"line":211,"column":24},"end":{"line":218,"column":43}},"27":{"start":{"line":214,"column":43},"end":{"line":214,"column":61}},"28":{"start":{"line":225,"column":27},"end":{"line":248,"column":5}},"29":{"start":{"line":226,"column":8},"end":{"line":247,"column":15}},"30":{"start":{"line":229,"column":31},"end":{"line":229,"column":57}},"31":{"start":{"line":241,"column":24},"end":{"line":243,"column":41}},"32":{"start":{"line":250,"column":4},"end":{"line":278,"column":6}},"33":{"start":{"line":253,"column":49},"end":{"line":253,"column":62}},"34":{"start":{"line":272,"column":20},"end":{"line":274,"column":37}},"35":{"start":{"line":281,"column":15},"end":{"line":369,"column":2}}},"fnMap":{"0":{"name":"PoliceDatabaseScreen","decl":{"start":{"line":162,"column":24},"end":{"line":162,"column":44}},"loc":{"start":{"line":162,"column":47},"end":{"line":279,"column":1}},"line":162},"1":{"name":"(anonymous_1)","decl":{"start":{"line":167,"column":23},"end":{"line":167,"column":24}},"loc":{"start":{"line":167,"column":48},"end":{"line":179,"column":5}},"line":167},"2":{"name":"(anonymous_2)","decl":{"start":{"line":172,"column":18},"end":{"line":172,"column":19}},"loc":{"start":{"line":172,"column":31},"end":{"line":177,"column":13}},"line":172},"3":{"name":"(anonymous_3)","decl":{"start":{"line":178,"column":19},"end":{"line":178,"column":20}},"loc":{"start":{"line":178,"column":26},"end":{"line":178,"column":75}},"line":178},"4":{"name":"(anonymous_4)","decl":{"start":{"line":181,"column":27},"end":{"line":181,"column":28}},"loc":{"start":{"line":181,"column":54},"end":{"line":191,"column":5}},"line":181},"5":{"name":"(anonymous_5)","decl":{"start":{"line":182,"column":30},"end":{"line":182,"column":31}},"loc":{"start":{"line":182,"column":38},"end":{"line":190,"column":9}},"line":182},"6":{"name":"(anonymous_6)","decl":{"start":{"line":193,"column":48},"end":{"line":193,"column":49}},"loc":{"start":{"line":193,"column":61},"end":{"line":200,"column":5}},"line":193},"7":{"name":"(anonymous_7)","decl":{"start":{"line":195,"column":35},"end":{"line":195,"column":36}},"loc":{"start":{"line":196,"column":12},"end":{"line":198,"column":93}},"line":196},"8":{"name":"(anonymous_8)","decl":{"start":{"line":197,"column":33},"end":{"line":197,"column":34}},"loc":{"start":{"line":197,"column":40},"end":{"line":197,"column":65}},"line":197},"9":{"name":"(anonymous_9)","decl":{"start":{"line":200,"column":15},"end":{"line":200,"column":16}},"loc":{"start":{"line":200,"column":27},"end":{"line":200,"column":51}},"line":200},"10":{"name":"(anonymous_10)","decl":{"start":{"line":202,"column":26},"end":{"line":202,"column":27}},"loc":{"start":{"line":203,"column":8},"end":{"line":222,"column":15}},"line":203},"11":{"name":"(anonymous_11)","decl":{"start":{"line":210,"column":38},"end":{"line":210,"column":39}},"loc":{"start":{"line":211,"column":24},"end":{"line":218,"column":43}},"line":211},"12":{"name":"(anonymous_12)","decl":{"start":{"line":214,"column":37},"end":{"line":214,"column":38}},"loc":{"start":{"line":214,"column":43},"end":{"line":214,"column":61}},"line":214},"13":{"name":"(anonymous_13)","decl":{"start":{"line":225,"column":27},"end":{"line":225,"column":28}},"loc":{"start":{"line":226,"column":8},"end":{"line":247,"column":15}},"line":226},"14":{"name":"(anonymous_14)","decl":{"start":{"line":229,"column":25},"end":{"line":229,"column":26}},"loc":{"start":{"line":229,"column":31},"end":{"line":229,"column":57}},"line":229},"15":{"name":"(anonymous_15)","decl":{"start":{"line":240,"column":35},"end":{"line":240,"column":36}},"loc":{"start":{"line":241,"column":24},"end":{"line":243,"column":41}},"line":241},"16":{"name":"(anonymous_16)","decl":{"start":{"line":253,"column":43},"end":{"line":253,"column":44}},"loc":{"start":{"line":253,"column":49},"end":{"line":253,"column":62}},"line":253},"17":{"name":"(anonymous_17)","decl":{"start":{"line":271,"column":34},"end":{"line":271,"column":35}},"loc":{"start":{"line":272,"column":20},"end":{"line":274,"column":37}},"line":272}},"branchMap":{"0":{"loc":{"start":{"line":173,"column":16},"end":{"line":175,"column":17}},"type":"if","locations":[{"start":{"line":173,"column":16},"end":{"line":175,"column":17}},{"start":{},"end":{}}],"line":173},"1":{"loc":{"start":{"line":184,"column":12},"end":{"line":188,"column":13}},"type":"if","locations":[{"start":{"line":184,"column":12},"end":{"line":188,"column":13}},{"start":{"line":186,"column":19},"end":{"line":188,"column":13}}],"line":184},"2":{"loc":{"start":{"line":196,"column":12},"end":{"line":198,"column":93}},"type":"binary-expr","locations":[{"start":{"line":196,"column":12},"end":{"line":196,"column":74}},{"start":{"line":197,"column":12},"end":{"line":197,"column":66}},{"start":{"line":198,"column":13},"end":{"line":198,"column":83}},{"start":{"line":198,"column":87},"end":{"line":198,"column":92}}],"line":196},"3":{"loc":{"start":{"line":206,"column":17},"end":{"line":208,"column":17}},"type":"binary-expr","locations":[{"start":{"line":206,"column":17},"end":{"line":206,"column":33}},{"start":{"line":207,"column":20},"end":{"line":207,"column":104}}],"line":206},"4":{"loc":{"start":{"line":233,"column":26},"end":{"line":233,"column":92}},"type":"cond-expr","locations":[{"start":{"line":233,"column":63},"end":{"line":233,"column":75}},{"start":{"line":233,"column":78},"end":{"line":233,"column":92}}],"line":233},"5":{"loc":{"start":{"line":238,"column":13},"end":{"line":246,"column":13}},"type":"binary-expr","locations":[{"start":{"line":238,"column":13},"end":{"line":238,"column":47}},{"start":{"line":239,"column":16},"end":{"line":245,"column":23}}],"line":238}},"s":{"0":0,"1":0,"2":0,"3":0,"4":0,"5":0,"6":0,"7":0,"8":0,"9":0,"10":0,"11":0,"12":0,"13":0,"14":0,"15":0,"16":0,"17":0,"18":0,"19":0,"20":0,"21":0,"22":0,"23":0,"24":0,"25":0,"26":0,"27":0,"28":0,"29":0,"30":0,"31":0,"32":0,"33":0,"34":0,"35":0},"f":{"0":0,"1":0,"2":0,"3":0,"4":0,"5":0,"6":0,"7":0,"8":0,"9":0,"10":0,"11":0,"12":0,"13":0,"14":0,"15":0,"16":0,"17":0},"b":{"0":[0,0],"1":[0,0],"2":[0,0,0,0],"3":[0,0],"4":[0,0],"5":[0,0]}}
,"/Users/clementadegbenro/CitizenShield/frontend/app/privacy-policy.tsx": {"path":"/Users/clementadegbenro/CitizenShield/frontend/app/privacy-policy.tsx","statementMap":{"0":{"start":{"line":9,"column":23},"end":{"line":9,"column":33}},"1":{"start":{"line":10,"column":23},"end":{"line":10,"column":38}},"2":{"start":{"line":12,"column":4},"end":{"line":16,"column":21}},"3":{"start":{"line":13,"column":8},"end":{"line":15,"column":11}},"4":{"start":{"line":18,"column":4},"end":{"line":45,"column":6}},"5":{"start":{"line":21,"column":42},"end":{"line":21,"column":55}},"6":{"start":{"line":48,"column":15},"end":{"line":87,"column":2}}},"fnMap":{"0":{"name":"PrivacyPolicyScreen","decl":{"start":{"line":8,"column":24},"end":{"line":8,"column":43}},"loc":{"start":{"line":8,"column":46},"end":{"line":46,"column":1}},"line":8},"1":{"name":"(anonymous_1)","decl":{"start":{"line":12,"column":26},"end":{"line":12,"column":27}},"loc":{"start":{"line":12,"column":32},"end":{"line":16,"column":5}},"line":12},"2":{"name":"(anonymous_2)","decl":{"start":{"line":21,"column":36},"end":{"line":21,"column":37}},"loc":{"start":{"line":21,"column":42},"end":{"line":21,"column":55}},"line":21}},"branchMap":{},"s":{"0":0,"1":0,"2":0,"3":0,"4":0,"5":0,"6":0},"f":{"0":0,"1":0,"2":0},"b":{}}
,"/Users/clementadegbenro/CitizenShield/frontend/app/profile.tsx": {"path":"/Users/clementadegbenro/CitizenShield/frontend/app/profile.tsx","statementMap":{"0":{"start":{"line":21,"column":23},"end":{"line":21,"column":33}},"1":{"start":{"line":22,"column":19},"end":{"line":22,"column":30}},"2":{"start":{"line":23,"column":54},"end":{"line":23,"column":68}},"3":{"start":{"line":24,"column":36},"end":{"line":24,"column":67}},"4":{"start":{"line":25,"column":34},"end":{"line":25,"column":48}},"5":{"start":{"line":27,"column":4},"end":{"line":29,"column":11}},"6":{"start":{"line":28,"column":8},"end":{"line":28,"column":24}},"7":{"start":{"line":31,"column":26},"end":{"line":47,"column":5}},"8":{"start":{"line":32,"column":8},"end":{"line":46,"column":9}},"9":{"start":{"line":33,"column":12},"end":{"line":43,"column":13}},"10":{"start":{"line":34,"column":32},"end":{"line":34,"column":84}},"11":{"start":{"line":35,"column":16},"end":{"line":37,"column":17}},"12":{"start":{"line":36,"column":20},"end":{"line":36,"column":60}},"13":{"start":{"line":39,"column":37},"end":{"line":39,"column":63}},"14":{"start":{"line":40,"column":16},"end":{"line":40,"column":51}},"15":{"start":{"line":42,"column":16},"end":{"line":42,"column":34}},"16":{"start":{"line":45,"column":12},"end":{"line":45,"column":30}},"17":{"start":{"line":49,"column":25},"end":{"line":57,"column":5}},"18":{"start":{"line":50,"column":8},"end":{"line":56,"column":9}},"19":{"start":{"line":51,"column":12},"end":{"line":51,"column":37}},"20":{"start":{"line":52,"column":12},"end":{"line":52,"column":32}},"21":{"start":{"line":54,"column":33},"end":{"line":54,"column":59}},"22":{"start":{"line":55,"column":12},"end":{"line":55,"column":55}},"23":{"start":{"line":59,"column":19},"end":{"line":61,"column":5}},"24":{"start":{"line":60,"column":8},"end":{"line":60,"column":22}},"25":{"start":{"line":63,"column":4},"end":{"line":69,"column":5}},"26":{"start":{"line":64,"column":8},"end":{"line":68,"column":10}},"27":{"start":{"line":71,"column":4},"end":{"line":163,"column":6}},"28":{"start":{"line":101,"column":39},"end":{"line":101,"column":67}},"29":{"start":{"line":107,"column":39},"end":{"line":107,"column":70}},"30":{"start":{"line":137,"column":39},"end":{"line":137,"column":69}},"31":{"start":{"line":143,"column":39},"end":{"line":143,"column":71}},"32":{"start":{"line":149,"column":39},"end":{"line":149,"column":70}},"33":{"start":{"line":166,"column":15},"end":{"line":249,"column":2}}},"fnMap":{"0":{"name":"ProfileScreen","decl":{"start":{"line":20,"column":24},"end":{"line":20,"column":37}},"loc":{"start
[...]
,"/Users/clementadegbenro/CitizenShield/frontend/components/Themed.tsx": {"path":"/Users/clementadegbenro/CitizenShield/frontend/components/Themed.tsx","statementMap":{"0":{"start":{"line":17,"column":16},"end":{"line":17,"column":43}},"1":{"start":{"line":18,"column":25},"end":{"line":18,"column":37}},"2":{"start":{"line":20,"column":2},"end":{"line":24,"column":3}},"3":{"start":{"line":21,"column":4},"end":{"line":21,"column":26}},"4":{"start":{"line":23,"column":4},"end":{"line":23,"column":36}},"5":{"start":{"line":28,"column":58},"end":{"line":28,"column":63}},"6":{"start":{"line":29,"column":16},"end":{"line":29,"column":77}},"7":{"start":{"line":31,"column":2},"end":{"line":31,"column":90}},"8":{"start":{"line":35,"column":58},"end":{"line":35,"column":63}},"9":{"start":{"line":36,"column":26},"end":{"line":36,"column":93}},"10":{"start":{"line":38,"column":2},"end":{"line":38,"column":78}}},"fnMap":{"0":{"name":"useThemeColor","decl":{"start":{"line":13,"column":16},"end":{"line":13,"column":29}},"loc":{"start":{"line":16,"column":2},"end":{"line":25,"column":1}},"line":16},"1":{"name":"Text","decl":{"start":{"line":27,"column":16},"end":{"line":27,"column":20}},"loc":{"start":{"line":27,"column":39},"end":{"line":32,"column":1}},"line":27},"2":{"name":"View","decl":{"start":{"line":34,"column":16},"end":{"line":34,"column":20}},"loc":{"start":{"line":34,"column":39},"end":{"line":39,"column":1}},"line":34}},"branchMap":{"0":{"loc":{"start":{"line":17,"column":16},"end":{"line":17,"column":43}},"type":"binary-expr","locations":[{"start":{"line":17,"column":16},"end":{"line":17,"column":32}},{"start":{"line":17,"column":36},"end":{"line":17,"column":43}}],"line":17},"1":{"loc":{"start":{"line":20,"column":2},"end":{"line":24,"column":3}},"type":"if","locations":[{"start":{"line":20,"column":2},"end":{"line":24,"column":3}},{"start":{"line":22,"column":9},"end":{"line":24,"column":3}}],"line":20}},"s":{"0":0,"1":0,"2":0,"3":0,"4":0,"5":0,"6":0,"7":0,"8":0,"9":0,"10":0},"f":{"0":0,"1":0,"2":0},"b":{"0":[0,0],"1":[0,0]}}
,"/Users/clementadegbenro/CitizenShield/frontend/components/useClientOnlyValue.ts": {"path":"/Users/clementadegbenro/CitizenShield/frontend/components/useClientOnlyValue.ts","statementMap":{"0":{"start":{"line":3,"column":2},"end":{"line":3,"column":16}}},"fnMap":{"0":{"name":"useClientOnlyValue","decl":{"start":{"line":2,"column":16},"end":{"line":2,"column":34}},"loc":{"start":{"line":2,"column":70},"end":{"line":4,"column":1}},"line":2}},"branchMap":{},"s":{"0":0},"f":{"0":0},"b":{}}
,"/Users/clementadegbenro/CitizenShield/frontend/components/useClientOnlyValue.web.ts": {"path":"/Users/clementadegbenro/CitizenShield/frontend/components/useClientOnlyValue.web.ts","statementMap":{"0":{"start":{"line":6,"column":28},"end":{"line":6,"column":57}},"1":{"start":{"line":7,"column":2},"end":{"line":9,"column":15}},"2":{"start":{"line":8,"column":4},"end":{"line":8,"column":21}},"3":{"start":{"line":11,"column":2},"end":{"line":11,"column":15}}},"fnMap":{"0":{"name":"useClientOnlyValue","decl":{"start":{"line":5,"column":16},"end":{"line":5,"column":34}},"loc":{"start":{"line":5,"column":70},"end":{"line":12,"column":1}},"line":5},"1":{"name":"(anonymous_1)","decl":{"start":{"line":7,"column":18},"end":{"line":7,"column":19}},"loc":{"start":{"line":7,"column":24},"end":{"line":9,"column":3}},"line":7}},"branchMap":{},"s":{"0":0,"1":0,"2":0,"3":0},"f":{"0":0,"1":0},"b":{}}
,"/Users/clementadegbenro/CitizenShield/frontend/components/useColorScheme.ts": {"path":"/Users/clementadegbenro/CitizenShield/frontend/components/useColorScheme.ts","statementMap":{},"fnMap":{},"branchMap":{},"s":{},"f":{},"b":{}}
,"/Users/clementadegbenro/CitizenShield/frontend/components/useColorScheme.web.ts": {"path":"/Users/clementadegbenro/CitizenShield/frontend/components/useColorScheme.web.ts","statementMap":{"0":{"start":{"line":7,"column":2},"end":{"line":7,"column":17}}},"fnMap":{"0":{"name":"useColorScheme","decl":{"start":{"line":6,"column":16},"end":{"line":6,"column":30}},"loc":{"start":{"line":6,"column":33},"end":{"line":8,"column":1}},"line":6}},"branchMap":{},"s":{"0":0},"f":{"0":0},"b":{}}
,"/Users/clementadegbenro/CitizenShield/frontend/config/firebaseConfig.ts": {"path":"/Users/clementadegbenro/CitizenShield/frontend/config/firebaseConfig.ts","statementMap":{"0":{"start":{"line":7,"column":39},"end":{"line":14,"column":1}},"1":{"start":{"line":16,"column":35},"end":{"line":23,"column":1}},"2":{"start":{"line":25,"column":23},"end":{"line":25,"column":72}},"3":{"start":{"line":27,"column":12},"end":{"line":27,"column":41}},"4":{"start":{"line":30,"column":13},"end":{"line":32,"column":2}},"5":{"start":{"line":35,"column":0},"end":{"line":35,"column":68}},"6":{"start":{"line":35,"column":30},"end":{"line":35,"column":66}},"7":{"start":{"line":38,"column":18},"end":{"line":38,"column":35}},"8":{"start":{"line":39,"column":23},"end":{"line":39,"column":38}}},"fnMap":{"0":{"name":"(anonymous_0)","decl":{"start":{"line":35,"column":21},"end":{"line":35,"column":22}},"loc":{"start":{"line":35,"column":30},"end":{"line":35,"column":66}},"line":35}},"branchMap":{"0":{"loc":{"start":{"line":25,"column":23},"end":{"line":25,"column":72}},"type":"cond-expr","locations":[{"start":{"line":25,"column":47},"end":{"line":25,"column":56}},{"start":{"line":25,"column":59},"end":{"line":25,"column":72}}],"line":25}},"s":{"0":0,"1":0,"2":0,"3":0,"4":0,"5":0,"6":0,"7":0,"8":0},"f":{"0":0},"b":{"0":[0,0]}}
,"/Users/clementadegbenro/CitizenShield/frontend/constants/Colors.ts": {"path":"/Users/clementadegbenro/CitizenShield/frontend/constants/Colors.ts","statementMap":{"0":{"start":{"line":3,"column":27},"end":{"line":24,"column":1}},"1":{"start":{"line":32,"column":44},"end":{"line":38,"column":1}},"2":{"start":{"line":40,"column":43},"end":{"line":46,"column":1}}},"fnMap":{},"branchMap":{},"s":{"0":0,"1":0,"2":0},"f":{},"b":{}}
,"/Users/clementadegbenro/CitizenShield/frontend/context/ThemeContext.tsx": {"path":"/Users/clementadegbenro/CitizenShield/frontend/context/ThemeContext.tsx","statementMap":{"0":{"start":{"line":13,"column":21},"end":{"line":13,"column":75}},"1":{"start":{"line":16,"column":28},"end":{"line":16,"column":44}},"2":{"start":{"line":17,"column":33},"end":{"line":17,"column":62}},"3":{"start":{"line":19,"column":2},"end":{"line":40,"column":14}},"4":{"start":{"line":21,"column":4},"end":{"line":25,"column":7}},"5":{"start":{"line":22,"column":6},"end":{"line":24,"column":7}},"6":{"start":{"line":23,"column":8},"end":{"line":23,"column":47}},"7":{"start":{"line":28,"column":25},"end":{"line":34,"column":6}},"8":{"start":{"line":30,"column":6},"end":{"line":33,"column":7}},"9":{"start":{"line":32,"column":8},"end":{"line":32,"column":32}},"10":{"start":{"line":37,"column":4},"end":{"line":39,"column":6}},"11":{"start":{"line":38,"column":6},"end":{"line":38,"column":28}},"12":{"start":{"line":42,"column":19},"end":{"line":45,"column":3}},"13":{"start":{"line":43,"column":4},"end":{"line":43,"column":28}},"14":{"start":{"line":44,"column":4},"end":{"line":44,"column":44}},"15":{"start":{"line":47,"column":22},"end":{"line":49,"column":11}},"16":{"start":{"line":51,"column":2},"end":{"line":55,"column":4}},"17":{"start":{"line":59,"column":18},"end":{"line":59,"column":42}},"18":{"start":{"line":60,"column":2},"end":{"line":62,"column":3}},"19":{"start":{"line":61,"column":4},"end":{"line":61,"column":75}},"20":{"start":{"line":63,"column":2},"end":{"line":63,"column":17}}},"fnMap":{"0":{"name":"ThemeProvider","decl":{"start":{"line":15,"column":16},"end":{"line":15,"column":29}},"loc":{"start":{"line":15,"column":75},"end":{"line":56,"column":1}},"line":15},"1":{"name":"(anonymous_1)","decl":{"start":{"line":19,"column":12},"end":{"line":19,"column":13}},"loc":{"start":{"line":19,"column":18},"end":{"line":40,"column":3}},"line":19},"2":{"name":"(anonymous_2)","decl":{"start":{"line":21,"column":39},"end":{"line":21,"column":40}},"loc":{"start":{"line":21,"column":55},"end":{"line":25,"column":5}},"line":21},"3":{"name":"(anonymous_3)","decl":{"start":{"line":28,"column":54},"end":{"line":28,"column":55}},"loc":{"start":{"line":28,"column":75},"end":{"line":34,"column":5}},"line":28},"4":{"name":"(anonymous_4)","decl":{"start":{"line":37,"column":11},"end":{"line":37,"column":12}},"loc":{"start":{"line":37,"column":17},"end":{"line":39,"column":5}},"line":37},"5":{"name":"(anonymous_5)","decl":{"start":{"line":42,"column":19},"end":{"line":42,"column":20}},"loc":{"start":{"line":42,"column":44},"end":{"line":45,"column":3}},"line":42},"6":{"name":"useThemeContext","decl":{"start":{"line":58,"column":16},"end":{"line":58,"column":31}},"loc":{"start":{"line":58,"column":34},"end":{"line":64,"column":1}},"line":58}},"branchMap":{"0":{"loc":{"start":{"line":22,"column":6},"end":{"line":24,"column":7}},"type":"if","locations":[{"start":{"line":22,"column":6},"end":{"line":24,"column":7}},{"start":{},"end":{}}],"line":22},"1":{"loc":{"start":{"line":30,"column":6},"end":{"line":33,"column":7}},"type":"if","locations":[{"start":{"line":30,"column":6},"end":{"line":33,"column":7}},{"start":{},"end":{}}],"line":30},"2":{"loc":{"start":{"line":47,"column":22},"end":{"line":49,"column":11}},"type":"cond-expr","locations":[{"start":{"line":48,"column":6},"end":{"line":48,"column":34}},{"start":{"line":49,"column":6},"end":{"line":49,"column":11}}],"line":47},"3":{"loc":{"start":{"line":48,"column":6},"end":{"line":48,"column":34}},"type":"binary-expr","locations":[{"start":{"line":48,"column":6},"end":{"line":48,"column":23}},{"start":{"line":48,"column":27},"end":{"line":48,"column":34}}],"line":48},"4":{"loc":{"start":{"line":60,"column":2},"end":{"line":62,"column":3}},"type":"if","locations":[{"start":{"line":60,"column":2},"end":{"line":62,"column":3}},{"start":{},"end":{}}],"line":60}},"s":{"0":0,"1":0,"2":0,"3":0,"4":0,"5":0,"6":0,"7":0,"8":0,"9":0,"10":0,"11":0,"12":0,"13":0,"14":0,"15":0,"16":0,"17":0,"18":0,"19":0,"20":0},"f":{"0":0,"1":0,"2":0,"3":0,"4":0,"5":0,"6":0},"b":{"0":[0,0],"1":[0,0],"2":[0,0],"3":[0,0],"4":[0,0]}}
,"/Users/clementadegbenro/CitizenShield/frontend/hooks/useUnreadMessages.ts": {"path":"/Users/clementadegbenro/CitizenShield/frontend/hooks/useUnreadMessages.ts","statementMap":{"0":{"start":{"line":6,"column":33},"end":{"line":30,"column":1}},"1":{"start":{"line":7,"column":42},"end":{"line":7,"column":53}},"2":{"start":{"line":9,"column":4},"end":{"line":27,"column":11}},"3":{"start":{"line":10,"column":21},"end":{"line":10,"column":37}},"4":{"start":{"line":11,"column":8},"end":{"line":11,"column":26}},"5":{"start":{"line":11,"column":19},"end":{"line":11,"column":26}},"6":{"start":{"line":13,"column":28},"end":{"line":13,"column":54}},"7":{"start":{"line":14,"column":18},"end":{"line":18,"column":9}},"8":{"start":{"line":20,"column":28},"end":{"line":24,"column":10}},"9":{"start":{"line":21,"column":12},"end":{"line":21,"column":49}},"10":{"start":{"line":23,"column":12},"end":{"line":23,"column":68}},"11":{"start":{"line":26,"column":8},"end":{"line":26,"column":35}},"12":{"start":{"line":26,"column":21},"end":{"line":26,"column":34}},"13":{"start":{"line":29,"column":4},"end":{"line":29,"column":23}}},"fnMap":{"0":{"name":"(anonymous_0)","decl":{"start":{"line":6,"column":33},"end":{"line":6,"column":34}},"loc":{"start":{"line":6,"column":39},"end":{"line":30,"column":1}},"line":6},"1":{"name":"(anonymous_1)","decl":{"start":{"line":9,"column":14},"end":{"line":9,"column":15}},"loc":{"start":{"line":9,"column":20},"end":{"line":27,"column":5}},"line":9},"2":{"name":"(anonymous_2)","decl":{"start":{"line":20,"column":42},"end":{"line":20,"column":43}},"loc":{"start":{"line":20,"column":56},"end":{"line":22,"column":9}},"line":20},"3":{"name":"(anonymous_3)","decl":{"start":{"line":22,"column":11},"end":{"line":22,"column":12}},"loc":{"start":{"line":22,"column":22},"end":{"line":24,"column":9}},"line":22},"4":{"name":"(anonymous_4)","decl":{"start":{"line":26,"column":15},"end":{"line":26,"column":16}},"loc":{"start":{"line":26,"column":21},"end":{"line":26,"column":34}},"line":26}},"branchMap":{"0":{"loc":{"start":{"line":11,"column":8},"end":{"line":11,"column":26}},"type":"if","locations":[{"start":{"line":11,"column":8},"end":{"line":11,"column":26}},{"start":{},"end":{}}],"line":11}},"s":{"0":0,"1":0,"2":0,"3":0,"4":0,"5":0,"6":0,"7":0,"8":0,"9":0,"10":0,"11":0,"12":0,"13":0},"f":{"0":0,"1":0,"2":0,"3":0,"4":0},"b":{"0":[0,0]}}
,"/Users/clementadegbenro/CitizenShield/frontend/types/index.ts": {"path":"/Users/clementadegbenro/CitizenShield/frontend/types/index.ts","statementMap":{},"fnMap":{},"branchMap":{},"s":{},"f":{},"b":{}}
,"/Users/clementadegbenro/CitizenShield/frontend/types/routes.ts": {"path":"/Users/clementadegbenro/CitizenShield/frontend/types/routes.ts","statementMap":{},"fnMap":{},"branchMap":{},"s":{},"f":{},"b":{}}
,"/Users/clementadegbenro/CitizenShield/frontend/utils/errorHandler.ts": {"path":"/Users/clementadegbenro/CitizenShield/frontend/utils/errorHandler.ts","statementMap":{"0":{"start":{"line":4,"column":4},"end":{"line":47,"column":5}},"1":{"start":{"line":5,"column":8},"end":{"line":44,"column":9}},"2":{"start":{"line":8,"column":16},"end":{"line":8,"column":64}},"3":{"start":{"line":10,"column":16},"end":{"line":10,"column":63}},"4":{"start":{"line":12,"column":16},"end":{"line":12,"column":55}},"5":{"start":{"line":14,"column":16},"end":{"line":14,"column":62}},"6":{"start":{"line":16,"column":16},"end":{"line":16,"column":76}},"7":{"start":{"line":18,"column":16},"end":{"line":18,"column":83}},"8":{"start":{"line":20,"column":16},"end":{"line":20,"column":119}},"9":{"start":{"line":24,"column":16},"end":{"line":24,"column":79}},"10":{"start":{"line":26,"column":16},"end":{"line":26,"column":63}},"11":{"start":{"line":30,"column":16},"end":{"line":30,"column":50}},"12":{"start":{"line":32,"column":16},"end":{"line":32,"column":73}},"13":{"start":{"line":34,"column":16},"end":{"line":34,"column":55}},"14":{"start":{"line":38,"column":16},"end":{"line":38,"column":95}},"15":{"start":{"line":40,"column":16},"end":{"line":40,"column":101}},"16":{"start":{"line":43,"column":16},"end":{"line":43,"column":69}},"17":{"start":{"line":45,"column":11},"end":{"line":47,"column":5}},"18":{"start":{"line":46,"column":8},"end":{"line":46,"column":29}},"19":{"start":{"line":48,"column":4},"end":{"line":48,"column":40}}},"fnMap":{"0":{"name":"handleFirebaseError","decl":{"start":{"line":3,"column":16},"end":{"line":3,"column":35}},"loc":{"start":{"line":3,"column":60},"end":{"line":49,"column":1}},"line":3}},"branchMap":{"0":{"loc":{"start":{"line":4,"column":4},"end":{"line":47,"column":5}},"type":"if","locations":[{"start":{"line":4,"column":4},"end":{"line":47,"column":5}},{"start":{"line":45,"column":11},"end":{"line":47,"column":5}}],"line":4},"1":{"loc":{"start":{"line":5,"column":8},"end":{"line":44,"column":9}},"type":"switch","locations":[{"start":{"line":7,"column":12},"end":{"line":8,"column":64}},{"start":{"line":9,"column":12},"end":{"line":10,"column":63}},{"start":{"line":11,"column":12},"end":{"line":12,"column":55}},{"start":{"line":13,"column":12},"end":{"line":14,"column":62}},{"start":{"line":15,"column":12},"end":{"line":16,"column":76}},{"start":{"line":17,"column":12},"end":{"line":18,"column":83}},{"start":{"line":19,"column":12},"end":{"line":20,"column":119}},{"start":{"line":23,"column":12},"end":{"line":24,"column":79}},{"start":{"line":25,"column":12},"end":{"line":26,"column":63}},{"start":{"line":29,"column":12},"end":{"line":30,"column":50}},{"start":{"line":31,"column":12},"end":{"line":32,"column":73}},{"start":{"line":33,"column":12},"end":{"line":34,"column":55}},{"start":{"line":37,"column":12},"end":{"line":38,"column":95}},{"start":{"line":39,"column":12},"end":{"line":40,"column":101}},{"start":{"line":42,"column":12},"end":{"line":43,"column":69}}],"line":5},"2":{"loc":{"start":{"line":43,"column":23},"end":{"line":43,"column":68}},"type":"binary-expr","locations":[{"start":{"line":43,"column":23},"end":{"line":43,"column":36}},{"start":{"line":43,"column":40},"end":{"line":43,"column":68}}],"line":43},"3":{"loc":{"start":{"line":45,"column":11},"end":{"line":47,"column":5}},"type":"if","locations":[{"start":{"line":45,"column":11},"end":{"line":47,"column":5}},{"start":{},"end":{}}],"line":45}},"s":{"0":0,"1":0,"2":0,"3":0,"4":0,"5":0,"6":0,"7":0,"8":0,"9":0,"10":0,"11":0,"12":0,"13":0,"14":0,"15":0,"16":0,"17":0,"18":0,"19":0},"f":{"0":0},"b":{"0":[0,0],"1":[0,0,0,0,0,0,0,0,0,0,0,0,0,0,0],"2":[0,0],"3":[0,0]}}
,"/Users/clementadegbenro/CitizenShield/frontend/utils/messageUtils.ts": {"path":"/Users/clementadegbenro/CitizenShield/frontend/utils/messageUtils.ts","statementMap":{"0":{"start":{"line":4,"column":34},"end":{"line":38,"column":1}},"1":{"start":{"line":5,"column":4},"end":{"line":37,"column":5}},"2":{"start":{"line":6,"column":21},"end":{"line":6,"column":37}},"3":{"start":{"line":7,"column":8},"end":{"line":7,"column":26}},"4":{"start":{"line":7,"column":19},"end":{"line":7,"column":26}},"5":{"start":{"line":9,"column":28},"end":{"line":9,"column":54}},"6":{"start":{"line":10,"column":16},"end":{"line":14,"column":9}},"7":{"start":{"line":17,"column":8},"end":{"line":24,"column":9}},"8":{"start":{"line":18,"column":12},"end":{"line":23,"column":14}},"9":{"start":{"line":26,"column":25},"end":{"line":26,"column":41}},"10":{"start":{"line":27,"column":8},"end":{"line":27,"column":35}},"11":{"start":{"line":27,"column":28},"end":{"line":27,"column":35}},"12":{"start":{"line":29,"column":22},"end":{"line":29,"column":36}},"13":{"start":{"line":30,"column":8},"end":{"line":32,"column":11}},"14":{"start":{"line":31,"column":12},"end":{"line":31,"column":50}},"15":{"start":{"line":34,"column":8},"end":{"line":34,"column":29}},"16":{"start":{"line":36,"column":8},"end":{"line":36,"column":64}}},"fnMap":{"0":{"name":"(anonymous_0)","decl":{"start":{"line":4,"column":34},"end":{"line":4,"column":35}},"loc":{"start":{"line":4,"column":69},"end":{"line":38,"column":1}},"line":4},"1":{"name":"(anonymous_1)","decl":{"start":{"line":30,"column":30},"end":{"line":30,"column":31}},"loc":{"start":{"line":30,"column":39},"end":{"line":32,"column":9}},"line":30}},"branchMap":{"0":{"loc":{"start":{"line":7,"column":8},"end":{"line":7,"column":26}},"type":"if","locations":[{"start":{"line":7,"column":8},"end":{"line":7,"column":26}},{"start":{},"end":{}}],"line":7},"1":{"loc":{"start":{"line":17,"column":8},"end":{"line":24,"column":9}},"type":"if","locations":[{"start":{"line":17,"column":8},"end":{"line":24,"column":9}},{"start":{},"end":{}}],"line":17},"2":{"loc":{"start":{"line":27,"column":8},"end":{"line":27,"column":35}},"type":"if","locations":[{"start":{"line":27,"column":8},"end":{"line":27,"column":35}},{"start":{},"end":{}}],"line":27}},"s":{"0":0,"1":0,"2":0,"3":0,"4":0,"5":0,"6":0,"7":0,"8":0,"9":0,"10":0,"11":0,"12":0,"13":0,"14":0,"15":0,"16":0},"f":{"0":0,"1":0},"b":{"0":[0,0],"1":[0,0],"2":[0,0]}}
}
