TN:
SF:expo-env.d.ts
FNF:0
FNH:0
LF:0
LH:0
BRF:0
BRH:0
end_of_record
TN:
SF:jest.config.js
FNF:0
FNH:0
DA:1,0
LF:1
LH:0
BRF:0
BRH:0
end_of_record
TN:
SF:.expo/types/router.d.ts
FNF:0
FNH:0
LF:0
LH:0
BRF:0
BRH:0
end_of_record
TN:
SF:app/+not-found.tsx
FN:7,NotFoundScreen
FN:10,(anonymous_1)
FNF:2
FNH:0
FNDA:0,NotFoundScreen
FNDA:0,(anonymous_1)
DA:8,0
DA:10,0
DA:11,0
DA:12,0
DA:14,0
DA:18,0
DA:34,0
LF:7
LH:0
BRDA:11,0,0,0
BRDA:11,0,1,0
BRF:2
BRH:0
end_of_record
TN:
SF:app/_layout.tsx
FN:20,RootLayoutNav
FN:31,RootLayout
FN:40,(anonymous_2)
FN:44,(anonymous_3)
FN:47,(anonymous_4)
FN:54,(anonymous_5)
FN:57,(anonymous_6)
FN:63,(anonymous_7)
FN:66,(anonymous_8)
FN:71,(anonymous_9)
FN:82,(anonymous_10)
FN:90,(anonymous_11)
FNF:12
FNH:0
FNDA:0,RootLayoutNav
FNDA:0,RootLayout
FNDA:0,(anonymous_2)
FNDA:0,(anonymous_3)
FNDA:0,(anonymous_4)
FNDA:0,(anonymous_5)
FNDA:0,(anonymous_6)
FNDA:0,(anonymous_7)
FNDA:0,(anonymous_8)
FNDA:0,(anonymous_9)
FNDA:0,(anonymous_10)
FNDA:0,(anonymous_11)
DA:16,0
DA:21,0
DA:23,0
DA:32,0
DA:33,0
DA:34,0
DA:40,0
DA:41,0
DA:44,0
DA:47,0
DA:48,0
DA:49,0
DA:51,0
DA:52,0
DA:53,0
DA:55,0
DA:56,0
DA:57,0
DA:58,0
DA:67,0
DA:72,0
DA:73,0
DA:74,0
DA:76,0
DA:82,0
DA:83,0
DA:84,0
DA:85,0
DA:90,0
DA:91,0
DA:92,0
DA:96,0
DA:97,0
DA:100,0
LF:34
LH:0
BRDA:24,0,0,0
BRDA:24,0,1,0
BRDA:25,1,0,0
BRDA:25,1,1,0
BRDA:41,2,0,0
BRDA:41,2,1,0
BRDA:51,3,0,0
BRDA:51,3,1,0
BRDA:56,4,0,0
BRDA:56,4,1,0
BRDA:72,5,0,0
BRDA:72,5,1,0
BRDA:84,6,0,0
BRDA:84,6,1,0
BRDA:91,7,0,0
BRDA:91,7,1,0
BRDA:96,8,0,0
BRDA:96,8,1,0
BRDA:96,9,0,0
BRDA:96,9,1,0
BRF:20
BRH:0
end_of_record
TN:
SF:app/add-new-contact.tsx
FN:13,AddNewContactScreen
FN:22,(anonymous_1)
FN:39,(anonymous_2)
FN:60,(anonymous_3)
FN:74,(anonymous_4)
FN:74,(anonymous_5)
FN:89,(anonymous_6)
FN:89,(anonymous_7)
FN:98,(anonymous_8)
FN:106,(anonymous_9)
FN:106,(anonymous_10)
FNF:11
FNH:0
FNDA:0,AddNewContactScreen
FNDA:0,(anonymous_1)
FNDA:0,(anonymous_2)
FNDA:0,(anonymous_3)
FNDA:0,(anonymous_4)
FNDA:0,(anonymous_5)
FNDA:0,(anonymous_6)
FNDA:0,(anonymous_7)
FNDA:0,(anonymous_8)
FNDA:0,(anonymous_9)
FNDA:0,(anonymous_10)
DA:11,0
DA:14,0
DA:15,0
DA:20,0
DA:22,0
DA:23,0
DA:24,0
DA:25,0
DA:26,0
DA:27,0
DA:30,0
DA:36,0
DA:38,0
DA:39,0
DA:42,0
DA:43,0
DA:45,0
DA:48,0
DA:52,0
DA:60,0
DA:74,0
DA:89,0
DA:99,0
DA:106,0
DA:137,0
LF:25
LH:0
BRDA:23,0,0,0
BRDA:23,0,1,0
BRDA:23,1,0,0
BRDA:23,1,1,0
BRDA:23,1,2,0
BRDA:26,2,0,0
BRDA:26,2,1,0
BRDA:55,3,0,0
BRDA:55,3,1,0
BRDA:104,4,0,0
BRDA:104,4,1,0
BRDA:111,5,0,0
BRDA:111,5,1,0
BRDA:128,6,0,0
BRDA:128,6,1,0
BRF:15
BRH:0
end_of_record
TN:
SF:app/change-password.tsx
FN:12,ChangePasswordScreen
FN:19,(anonymous_1)
FN:59,(anonymous_2)
FNF:3
FNH:0
FNDA:0,ChangePasswordScreen
FNDA:0,(anonymous_1)
FNDA:0,(anonymous_2)
DA:13,0
DA:14,0
DA:15,0
DA:16,0
DA:17,0
DA:19,0
DA:20,0
DA:21,0
DA:22,0
DA:25,0
DA:26,0
DA:27,0
DA:30,0
DA:32,0
DA:33,0
DA:34,0
DA:35,0
DA:39,0
DA:40,0
DA:43,0
DA:45,0
DA:46,0
DA:48,0
DA:49,0
DA:51,0
DA:55,0
DA:59,0
DA:111,0
LF:28
LH:0
BRDA:20,0,0,0
BRDA:20,0,1,0
BRDA:20,1,0,0
BRDA:20,1,1,0
BRDA:20,1,2,0
BRDA:25,2,0,0
BRDA:25,2,1,0
BRDA:34,3,0,0
BRDA:34,3,1,0
BRDA:34,4,0,0
BRDA:34,4,1,0
BRDA:103,5,0,0
BRDA:103,5,1,0
BRDA:103,5,2,0
BRDA:103,5,3,0
BRF:15
BRH:0
end_of_record
TN:
SF:app/contact-support.tsx
FN:20,ContactSupportScreen
FN:27,(anonymous_1)
FN:59,(anonymous_2)
FN:62,(anonymous_3)
FN:75,(anonymous_4)
FN:83,(anonymous_5)
FN:112,(anonymous_6)
FN:120,(anonymous_7)
FN:124,(anonymous_8)
FNF:9
FNH:0
FNDA:0,ContactSupportScreen
FNDA:0,(anonymous_1)
FNDA:0,(anonymous_2)
FNDA:0,(anonymous_3)
FNDA:0,(anonymous_4)
FNDA:0,(anonymous_5)
FNDA:0,(anonymous_6)
FNDA:0,(anonymous_7)
FNDA:0,(anonymous_8)
DA:12,0
DA:21,0
DA:22,0
DA:23,0
DA:24,0
DA:25,0
DA:27,0
DA:28,0
DA:29,0
DA:30,0
DA:32,0
DA:34,0
DA:35,0
DA:36,0
DA:39,0
DA:47,0
DA:49,0
DA:50,0
DA:52,0
DA:53,0
DA:55,0
DA:59,0
DA:60,0
DA:63,0
DA:64,0
DA:71,0
DA:75,0
DA:83,0
DA:112,0
DA:120,0
DA:124,0
DA:135,0
LF:32
LH:0
BRDA:28,0,0,0
BRDA:28,0,1,0
BRDA:28,1,0,0
BRDA:28,1,1,0
BRDA:35,2,0,0
BRDA:35,2,1,0
BRDA:85,3,0,0
BRDA:85,3,1,0
BRDA:86,4,0,0
BRDA:86,4,1,0
BRDA:104,5,0,0
BRDA:104,5,1,0
BRDA:104,5,2,0
BRF:13
BRH:0
end_of_record
TN:
SF:app/create-post.tsx
FN:271,CreatePostScreen
FN:282,(anonymous_1)
FN:313,(anonymous_2)
FN:317,(anonymous_3)
FN:336,(anonymous_4)
FN:345,(anonymous_5)
FN:354,(anonymous_6)
FN:364,(anonymous_7)
FN:395,(anonymous_8)
FN:402,(anonymous_9)
FN:403,(anonymous_10)
FN:407,(anonymous_11)
FN:418,(anonymous_12)
FN:425,(anonymous_13)
FN:427,(anonymous_14)
FN:433,(anonymous_15)
FN:437,(anonymous_16)
FN:448,(anonymous_17)
FN:455,(anonymous_18)
FN:460,(anonymous_19)
FN:464,(anonymous_20)
FNF:21
FNH:0
FNDA:0,CreatePostScreen
FNDA:0,(anonymous_1)
FNDA:0,(anonymous_2)
FNDA:0,(anonymous_3)
FNDA:0,(anonymous_4)
FNDA:0,(anonymous_5)
FNDA:0,(anonymous_6)
FNDA:0,(anonymous_7)
FNDA:0,(anonymous_8)
FNDA:0,(anonymous_9)
FNDA:0,(anonymous_10)
FNDA:0,(anonymous_11)
FNDA:0,(anonymous_12)
FNDA:0,(anonymous_13)
FNDA:0,(anonymous_14)
FNDA:0,(anonymous_15)
FNDA:0,(anonymous_16)
FNDA:0,(anonymous_17)
FNDA:0,(anonymous_18)
FNDA:0,(anonymous_19)
FNDA:0,(anonymous_20)
DA:12,0
DA:27,0
DA:272,0
DA:273,0
DA:274,0
DA:275,0
DA:276,0
DA:277,0
DA:278,0
DA:279,0
DA:280,0
DA:282,0
DA:283,0
DA:284,0
DA:285,0
DA:287,0
DA:289,0
DA:290,0
DA:301,0
DA:303,0
DA:304,0
DA:306,0
DA:307,0
DA:309,0
DA:313,0
DA:315,0
DA:318,0
DA:319,0
DA:326,0
DA:336,0
DA:345,0
DA:354,0
DA:364,0
DA:395,0
DA:402,0
DA:403,0
DA:407,0
DA:418,0
DA:425,0
DA:428,0
DA:429,0
DA:433,0
DA:437,0
DA:448,0
DA:455,0
DA:460,0
DA:464,0
DA:475,0
LF:48
LH:0
BRDA:283,0,0,0
BRDA:283,0,1,0
BRDA:283,1,0,0
BRDA:283,1,1,0
BRDA:283,1,2,0
BRDA:283,1,3,0
BRDA:330,2,0,0
BRDA:330,2,1,0
BRDA:347,3,0,0
BRDA:347,3,1,0
BRDA:348,4,0,0
BRDA:348,4,1,0
BRDA:356,5,0,0
BRDA:356,5,1,0
BRDA:357,6,0,0
BRDA:357,6,1,0
BRDA:361,7,0,0
BRDA:361,7,1,0
BRDA:366,8,0,0
BRDA:366,8,1,0
BRDA:367,9,0,0
BRDA:367,9,1,0
BRDA:386,10,0,0
BRDA:386,10,1,0
BRDA:386,10,2,0
BRDA:386,10,3,0
BRDA:454,11,0,0
BRDA:454,11,1,0
BRF:28
BRH:0
end_of_record
TN:
SF:app/edit-profile.tsx
FN:15,EditProfileScreen
FN:23,(anonymous_1)
FN:27,(anonymous_2)
FN:49,(anonymous_3)
FN:80,(anonymous_4)
FN:99,(anonymous_5)
FN:123,(anonymous_6)
FNF:7
FNH:0
FNDA:0,EditProfileScreen
FNDA:0,(anonymous_1)
FNDA:0,(anonymous_2)
FNDA:0,(anonymous_3)
FNDA:0,(anonymous_4)
FNDA:0,(anonymous_5)
FNDA:0,(anonymous_6)
DA:16,0
DA:17,0
DA:18,0
DA:19,0
DA:20,0
DA:21,0
DA:23,0
DA:24,0
DA:27,0
DA:28,0
DA:29,0
DA:30,0
DA:33,0
DA:34,0
DA:35,0
DA:36,0
DA:37,0
DA:38,0
DA:39,0
DA:40,0
DA:43,0
DA:44,0
DA:45,0
DA:49,0
DA:50,0
DA:51,0
DA:52,0
DA:55,0
DA:57,0
DA:58,0
DA:59,0
DA:61,0
DA:62,0
DA:63,0
DA:64,0
DA:67,0
DA:69,0
DA:70,0
DA:72,0
DA:73,0
DA:74,0
DA:76,0
DA:80,0
DA:81,0
DA:82,0
DA:89,0
DA:90,0
DA:93,0
DA:94,0
DA:95,0
DA:99,0
DA:100,0
DA:101,0
DA:104,0
DA:105,0
DA:106,0
DA:107,0
DA:108,0
DA:110,0
DA:111,0
DA:112,0
DA:114,0
DA:115,0
DA:119,0
DA:123,0
DA:187,0
LF:66
LH:0
BRDA:28,0,0,0
BRDA:28,0,1,0
BRDA:35,1,0,0
BRDA:35,1,1,0
BRDA:37,2,0,0
BRDA:37,2,1,0
BRDA:38,3,0,0
BRDA:38,3,1,0
BRDA:39,4,0,0
BRDA:39,4,1,0
BRDA:40,5,0,0
BRDA:40,5,1,0
BRDA:50,6,0,0
BRDA:50,6,1,0
BRDA:61,7,0,0
BRDA:61,7,1,0
BRDA:89,8,0,0
BRDA:89,8,1,0
BRDA:89,9,0,0
BRDA:89,9,1,0
BRDA:89,9,2,0
BRDA:94,10,0,0
BRDA:94,10,1,0
BRDA:100,11,0,0
BRDA:100,11,1,0
BRDA:132,12,0,0
BRDA:132,12,1,0
BRF:27
BRH:0
end_of_record
TN:
SF:app/emergency-contacts.tsx
FN:19,EmergencyContactsScreen
FN:24,(anonymous_1)
FN:35,(anonymous_2)
FN:47,(anonymous_3)
FN:51,(anonymous_4)
FN:60,(anonymous_5)
FN:63,(anonymous_6)
FN:63,(anonymous_7)
FN:74,(anonymous_8)
FN:81,(anonymous_9)
FN:87,(anonymous_10)
FN:89,(anonymous_11)
FN:101,(anonymous_12)
FN:109,(anonymous_13)
FNF:14
FNH:0
FNDA:0,EmergencyContactsScreen
FNDA:0,(anonymous_1)
FNDA:0,(anonymous_2)
FNDA:0,(anonymous_3)
FNDA:0,(anonymous_4)
FNDA:0,(anonymous_5)
FNDA:0,(anonymous_6)
FNDA:0,(anonymous_7)
FNDA:0,(anonymous_8)
FNDA:0,(anonymous_9)
FNDA:0,(anonymous_10)
FNDA:0,(anonymous_11)
FNDA:0,(anonymous_12)
FNDA:0,(anonymous_13)
DA:20,0
DA:21,0
DA:22,0
DA:24,0
DA:25,0
DA:26,0
DA:27,0
DA:30,0
DA:31,0
DA:32,0
DA:33,0
DA:34,0
DA:35,0
DA:36,0
DA:38,0
DA:40,0
DA:41,0
DA:43,0
DA:47,0
DA:48,0
DA:51,0
DA:52,0
DA:61,0
DA:62,0
DA:63,0
DA:65,0
DA:66,0
DA:74,0
DA:75,0
DA:81,0
DA:87,0
DA:88,0
DA:89,0
DA:96,0
DA:101,0
DA:109,0
DA:117,0
LF:37
LH:0
BRDA:25,0,0,0
BRDA:25,0,1,0
BRF:2
BRH:0
end_of_record
TN:
SF:app/forgot-password.tsx
FN:12,ForgotPasswordScreen
FN:17,(anonymous_1)
FN:66,(anonymous_2)
FNF:3
FNH:0
FNDA:0,ForgotPasswordScreen
FNDA:0,(anonymous_1)
FNDA:0,(anonymous_2)
DA:13,0
DA:14,0
DA:15,0
DA:17,0
DA:18,0
DA:19,0
DA:20,0
DA:23,0
DA:25,0
DA:26,0
DA:27,0
DA:28,0
DA:30,0
DA:31,0
DA:33,0
DA:37,0
DA:76,0
LF:17
LH:0
BRDA:18,0,0,0
BRDA:18,0,1,0
BRF:2
BRH:0
end_of_record
TN:
SF:app/index.tsx
FN:10,LaunchScreen
FN:18,(anonymous_1)
FN:35,(anonymous_2)
FN:40,(anonymous_3)
FNF:4
FNH:0
FNDA:0,LaunchScreen
FNDA:0,(anonymous_1)
FNDA:0,(anonymous_2)
FNDA:0,(anonymous_3)
DA:8,0
DA:12,0
DA:15,0
DA:16,0
DA:18,0
DA:20,0
DA:35,0
DA:36,0
DA:40,0
DA:41,0
DA:44,0
DA:97,0
LF:12
LH:0
BRF:0
BRH:0
end_of_record
TN:
SF:app/login.tsx
FN:15,LoginScreen
FN:21,(anonymous_1)
FN:113,(anonymous_2)
FN:121,(anonymous_3)
FNF:4
FNH:0
FNDA:0,LoginScreen
FNDA:0,(anonymous_1)
FNDA:0,(anonymous_2)
FNDA:0,(anonymous_3)
DA:13,0
DA:16,0
DA:17,0
DA:18,0
DA:19,0
DA:21,0
DA:22,0
DA:23,0
DA:24,0
DA:27,0
DA:29,0
DA:31,0
DA:34,0
DA:35,0
DA:36,0
DA:38,0
DA:40,0
DA:41,0
DA:42,0
DA:46,0
DA:49,0
DA:50,0
DA:52,0
DA:56,0
DA:132,0
LF:25
LH:0
BRDA:22,0,0,0
BRDA:22,0,1,0
BRDA:22,1,0,0
BRDA:22,1,1,0
BRDA:34,2,0,0
BRDA:34,2,1,0
BRDA:38,3,0,0
BRDA:38,3,1,0
BRDA:60,4,0,0
BRDA:60,4,1,0
BRF:10
BRH:0
end_of_record
TN:
SF:app/modal.tsx
FN:14,Modal
FNF:1
FNH:0
FNDA:0,Modal
DA:15,0
DA:38,0
LF:2
LH:0
BRF:0
BRH:0
end_of_record
TN:
SF:app/notifications.tsx
FN:21,(anonymous_0)
FN:27,(anonymous_1)
FN:43,(anonymous_2)
FN:46,(anonymous_3)
FN:68,(anonymous_4)
FN:77,(anonymous_5)
FN:79,(anonymous_6)
FN:86,(anonymous_7)
FN:91,(anonymous_8)
FN:103,(anonymous_9)
FN:112,(anonymous_10)
FN:117,(anonymous_11)
FNF:12
FNH:0
FNDA:0,(anonymous_0)
FNDA:0,(anonymous_1)
FNDA:0,(anonymous_2)
FNDA:0,(anonymous_3)
FNDA:0,(anonymous_4)
FNDA:0,(anonymous_5)
FNDA:0,(anonymous_6)
FNDA:0,(anonymous_7)
FNDA:0,(anonymous_8)
FNDA:0,(anonymous_9)
FNDA:0,(anonymous_10)
FNDA:0,(anonymous_11)
DA:21,0
DA:22,0
DA:23,0
DA:24,0
DA:25,0
DA:27,0
DA:28,0
DA:29,0
DA:30,0
DA:31,0
DA:34,0
DA:36,0
DA:41,0
DA:44,0
DA:45,0
DA:46,0
DA:47,0
DA:51,0
DA:53,0
DA:59,0
DA:61,0
DA:62,0
DA:64,0
DA:65,0
DA:69,0
DA:70,0
DA:71,0
DA:72,0
DA:77,0
DA:78,0
DA:79,0
DA:80,0
DA:81,0
DA:86,0
DA:87,0
DA:88,0
DA:91,0
DA:92,0
DA:100,0
DA:103,0
DA:112,0
DA:118,0
DA:135,0
LF:43
LH:0
BRDA:28,0,0,0
BRDA:28,0,1,0
BRDA:51,1,0,0
BRDA:51,1,1,0
BRDA:51,2,0,0
BRDA:51,2,1,0
BRDA:80,3,0,0
BRDA:80,3,1,0
BRF:8
BRH:0
end_of_record
TN:
SF:app/police-database.tsx
FN:162,PoliceDatabaseScreen
FN:167,(anonymous_1)
FN:172,(anonymous_2)
FN:178,(anonymous_3)
FN:181,(anonymous_4)
FN:182,(anonymous_5)
FN:193,(anonymous_6)
FN:195,(anonymous_7)
FN:197,(anonymous_8)
FN:200,(anonymous_9)
FN:202,(anonymous_10)
FN:210,(anonymous_11)
FN:214,(anonymous_12)
FN:225,(anonymous_13)
FN:229,(anonymous_14)
FN:240,(anonymous_15)
FN:253,(anonymous_16)
FN:271,(anonymous_17)
FNF:18
FNH:0
FNDA:0,PoliceDatabaseScreen
FNDA:0,(anonymous_1)
FNDA:0,(anonymous_2)
FNDA:0,(anonymous_3)
FNDA:0,(anonymous_4)
FNDA:0,(anonymous_5)
FNDA:0,(anonymous_6)
FNDA:0,(anonymous_7)
FNDA:0,(anonymous_8)
FNDA:0,(anonymous_9)
FNDA:0,(anonymous_10)
FNDA:0,(anonymous_11)
FNDA:0,(anonymous_12)
FNDA:0,(anonymous_13)
FNDA:0,(anonymous_14)
FNDA:0,(anonymous_15)
FNDA:0,(anonymous_16)
FNDA:0,(anonymous_17)
DA:18,0
DA:163,0
DA:164,0
DA:165,0
DA:167,0
DA:168,0
DA:169,0
DA:171,0
DA:173,0
DA:174,0
DA:176,0
DA:178,0
DA:181,0
DA:182,0
DA:183,0
DA:184,0
DA:185,0
DA:187,0
DA:189,0
DA:193,0
DA:196,0
DA:197,0
DA:200,0
DA:202,0
DA:203,0
DA:211,0
DA:214,0
DA:225,0
DA:226,0
DA:229,0
DA:241,0
DA:250,0
DA:253,0
DA:272,0
DA:281,0
LF:35
LH:0
BRDA:173,0,0,0
BRDA:173,0,1,0
BRDA:184,1,0,0
BRDA:184,1,1,0
BRDA:196,2,0,0
BRDA:196,2,1,0
BRDA:196,2,2,0
BRDA:196,2,3,0
BRDA:206,3,0,0
BRDA:206,3,1,0
BRDA:233,4,0,0
BRDA:233,4,1,0
BRDA:238,5,0,0
BRDA:238,5,1,0
BRF:14
BRH:0
end_of_record
TN:
SF:app/privacy-policy.tsx
FN:8,PrivacyPolicyScreen
FN:12,(anonymous_1)
FN:21,(anonymous_2)
FNF:3
FNH:0
FNDA:0,PrivacyPolicyScreen
FNDA:0,(anonymous_1)
FNDA:0,(anonymous_2)
DA:9,0
DA:10,0
DA:12,0
DA:13,0
DA:18,0
DA:21,0
DA:48,0
LF:7
LH:0
BRF:0
BRH:0
end_of_record
TN:
SF:app/profile.tsx
FN:20,ProfileScreen
FN:27,(anonymous_1)
FN:31,(anonymous_2)
FN:49,(anonymous_3)
FN:59,(anonymous_4)
FN:101,(anonymous_5)
FN:107,(anonymous_6)
FN:137,(anonymous_7)
FN:143,(anonymous_8)
FN:149,(anonymous_9)
FNF:10
FNH:0
FNDA:0,ProfileScreen
FNDA:0,(anonymous_1)
FNDA:0,(anonymous_2)
FNDA:0,(anonymous_3)
FNDA:0,(anonymous_4)
FNDA:0,(anonymous_5)
FNDA:0,(anonymous_6)
FNDA:0,(anonymous_7)
FNDA:0,(anonymous_8)
FNDA:0,(anonymous_9)
DA:21,0
DA:22,0
DA:23,0
DA:24,0
DA:25,0
DA:27,0
DA:28,0
DA:31,0
DA:32,0
DA:33,0
DA:34,0
DA:35,0
DA:36,0
DA:39,0
DA:40,0
DA:42,0
DA:45,0
DA:49,0
DA:50,0
DA:51,0
DA:52,0
DA:54,0
DA:55,0
DA:59,0
DA:60,0
DA:63,0
DA:64,0
DA:71,0
DA:101,0
DA:107,0
DA:137,0
DA:143,0
DA:149,0
DA:166,0
LF:34
LH:0
BRDA:32,0,0,0
BRDA:32,0,1,0
BRDA:35,1,0,0
BRDA:35,1,1,0
BRDA:63,2,0,0
BRDA:63,2,1,0
BRDA:82,3,0,0
BRDA:82,3,1,0
BRDA:93,4,0,0
BRDA:93,4,1,0
BRDA:94,5,0,0
BRDA:94,5,1,0
BRDA:121,6,0,0
BRDA:121,6,1,0
BRF:14
BRH:0
end_of_record
TN:
SF:app/reset-password.tsx
FN:12,ResetPasswordScreen
FN:19,(anonymous_1)
FNF:2
FNH:0
FNDA:0,ResetPasswordScreen
FNDA:0,(anonymous_1)
DA:13,0
DA:14,0
DA:15,0
DA:16,0
DA:17,0
DA:19,0
DA:20,0
DA:21,0
DA:22,0
DA:25,0
DA:26,0
DA:27,0
DA:30,0
DA:32,0
DA:33,0
DA:35,0
DA:37,0
DA:38,0
DA:40,0
DA:41,0
DA:43,0
DA:47,0
DA:88,0
LF:23
LH:0
BRDA:20,0,0,0
BRDA:20,0,1,0
BRDA:20,1,0,0
BRDA:20,1,1,0
BRDA:25,2,0,0
BRDA:25,2,1,0
BRF:6
BRH:0
end_of_record
TN:
SF:app/signup.tsx
FN:15,SignupScreen
FN:24,(anonymous_1)
FN:139,(anonymous_2)
FNF:3
FNH:0
FNDA:0,SignupScreen
FNDA:0,(anonymous_1)
FNDA:0,(anonymous_2)
DA:13,0
DA:16,0
DA:17,0
DA:18,0
DA:19,0
DA:20,0
DA:21,0
DA:22,0
DA:24,0
DA:25,0
DA:26,0
DA:27,0
DA:30,0
DA:31,0
DA:32,0
DA:35,0
DA:37,0
DA:38,0
DA:39,0
DA:41,0
DA:47,0
DA:49,0
DA:50,0
DA:52,0
DA:56,0
DA:150,0
LF:26
LH:0
BRDA:25,0,0,0
BRDA:25,0,1,0
BRDA:25,1,0,0
BRDA:25,1,1,0
BRDA:25,1,2,0
BRDA:25,1,3,0
BRDA:30,2,0,0
BRDA:30,2,1,0
BRF:8
BRH:0
end_of_record
TN:
SF:app/terms-of-service.tsx
FN:8,TermsOfServiceScreen
FN:12,(anonymous_1)
FN:21,(anonymous_2)
FNF:3
FNH:0
FNDA:0,TermsOfServiceScreen
FNDA:0,(anonymous_1)
FNDA:0,(anonymous_2)
DA:9,0
DA:10,0
DA:12,0
DA:13,0
DA:18,0
DA:21,0
DA:48,0
LF:7
LH:0
BRF:0
BRH:0
end_of_record
TN:
SF:app/(main)/_layout.tsx
FN:6,MainLayout
FN:14,(anonymous_1)
FNF:2
FNH:0
FNDA:0,MainLayout
FNDA:0,(anonymous_1)
DA:7,0
DA:9,0
DA:14,0
LF:3
LH:0
BRF:0
BRH:0
end_of_record
TN:
SF:app/(main)/blog.tsx
FN:22,BlogScreen
FN:29,(anonymous_1)
FN:39,(anonymous_2)
FN:63,(anonymous_3)
FN:67,(anonymous_4)
FN:72,(anonymous_5)
FN:75,(anonymous_6)
FN:139,(anonymous_7)
FNF:8
FNH:0
FNDA:0,BlogScreen
FNDA:0,(anonymous_1)
FNDA:0,(anonymous_2)
FNDA:0,(anonymous_3)
FNDA:0,(anonymous_4)
FNDA:0,(anonymous_5)
FNDA:0,(anonymous_6)
FNDA:0,(anonymous_7)
DA:23,0
DA:24,0
DA:25,0
DA:26,0
DA:27,0
DA:29,0
DA:30,0
DA:31,0
DA:32,0
DA:37,0
DA:39,0
DA:40,0
DA:41,0
DA:53,0
DA:55,0
DA:56,0
DA:58,0
DA:59,0
DA:63,0
DA:64,0
DA:67,0
DA:68,0
DA:69,0
DA:72,0
DA:73,0
DA:75,0
DA:105,0
DA:106,0
DA:116,0
DA:117,0
DA:130,0
DA:139,0
DA:154,0
LF:33
LH:0
BRDA:43,0,0,0
BRDA:43,0,1,0
BRDA:44,1,0,0
BRDA:44,1,1,0
BRDA:45,2,0,0
BRDA:45,2,1,0
BRDA:46,3,0,0
BRDA:46,3,1,0
BRDA:47,4,0,0
BRDA:47,4,1,0
BRDA:48,5,0,0
BRDA:48,5,1,0
BRDA:49,6,0,0
BRDA:49,6,1,0
BRDA:80,7,0,0
BRDA:80,7,1,0
BRDA:105,8,0,0
BRDA:105,8,1,0
BRDA:116,9,0,0
BRDA:116,9,1,0
BRF:20
BRH:0
end_of_record
TN:
SF:app/(main)/forum.tsx
FN:23,ForumScreen
FN:30,(anonymous_1)
FN:46,(anonymous_2)
FN:94,(anonymous_3)
FN:98,(anonymous_4)
FN:116,(anonymous_5)
FN:132,(anonymous_6)
FN:154,(anonymous_7)
FN:162,(anonymous_8)
FN:167,(anonymous_9)
FN:170,(anonymous_10)
FN:245,(anonymous_11)
FN:258,(anonymous_12)
FNF:13
FNH:0
FNDA:0,ForumScreen
FNDA:0,(anonymous_1)
FNDA:0,(anonymous_2)
FNDA:0,(anonymous_3)
FNDA:0,(anonymous_4)
FNDA:0,(anonymous_5)
FNDA:0,(anonymous_6)
FNDA:0,(anonymous_7)
FNDA:0,(anonymous_8)
FNDA:0,(anonymous_9)
FNDA:0,(anonymous_10)
FNDA:0,(anonymous_11)
FNDA:0,(anonymous_12)
DA:24,0
DA:25,0
DA:26,0
DA:27,0
DA:28,0
DA:30,0
DA:31,0
DA:32,0
DA:33,0
DA:34,0
DA:37,0
DA:38,0
DA:39,0
DA:45,0
DA:46,0
DA:47,0
DA:48,0
DA:51,0
DA:52,0
DA:53,0
DA:54,0
DA:55,0
DA:56,0
DA:57,0
DA:60,0
DA:65,0
DA:69,0
DA:82,0
DA:83,0
DA:85,0
DA:86,0
DA:87,0
DA:89,0
DA:90,0
DA:94,0
DA:95,0
DA:98,0
DA:99,0
DA:100,0
DA:101,0
DA:102,0
DA:105,0
DA:106,0
DA:108,0
DA:109,0
DA:110,0
DA:116,0
DA:117,0
DA:119,0
DA:120,0
DA:122,0
DA:123,0
DA:124,0
DA:125,0
DA:127,0
DA:128,0
DA:129,0
DA:133,0
DA:134,0
DA:135,0
DA:136,0
DA:137,0
DA:139,0
DA:140,0
DA:143,0
DA:144,0
DA:145,0
DA:146,0
DA:147,0
DA:148,0
DA:152,0
DA:154,0
DA:155,0
DA:156,0
DA:157,0
DA:162,0
DA:163,0
DA:164,0
DA:167,0
DA:168,0
DA:170,0
DA:208,0
DA:209,0
DA:218,0
DA:219,0
DA:236,0
DA:245,0
DA:258,0
DA:266,0
LF:89
LH:0
BRDA:31,0,0,0
BRDA:31,0,1,0
BRDA:51,1,0,0
BRDA:51,1,1,0
BRDA:55,2,0,0
BRDA:55,2,1,0
BRDA:57,3,0,0
BRDA:57,3,1,0
BRDA:71,4,0,0
BRDA:71,4,1,0
BRDA:73,5,0,0
BRDA:73,5,1,0
BRDA:74,6,0,0
BRDA:74,6,1,0
BRDA:75,7,0,0
BRDA:75,7,1,0
BRDA:77,8,0,0
BRDA:77,8,1,0
BRDA:78,9,0,0
BRDA:78,9,1,0
BRDA:99,10,0,0
BRDA:99,10,1,0
BRDA:117,11,0,0
BRDA:117,11,1,0
BRDA:117,12,0,0
BRDA:117,12,1,0
BRDA:122,13,0,0
BRDA:122,13,1,0
BRDA:127,14,0,0
BRDA:127,14,1,0
BRDA:133,15,0,0
BRDA:133,15,1,0
BRDA:134,16,0,0
BRDA:134,16,1,0
BRDA:134,17,0,0
BRDA:134,17,1,0
BRDA:143,18,0,0
BRDA:143,18,1,0
BRDA:156,19,0,0
BRDA:156,19,1,0
BRDA:208,20,0,0
BRDA:208,20,1,0
BRDA:218,21,0,0
BRDA:218,21,1,0
BRF:44
BRH:0
end_of_record
TN:
SF:app/(main)/home.tsx
FN:37,(anonymous_0)
FN:61,(anonymous_1)
FN:77,(anonymous_2)
FN:105,HomeScreen
FN:126,(anonymous_4)
FN:128,(anonymous_5)
FN:180,(anonymous_6)
FN:186,(anonymous_7)
FN:207,(anonymous_8)
FN:216,(anonymous_9)
FN:230,(anonymous_10)
FN:238,(anonymous_11)
FN:259,(anonymous_12)
FN:269,(anonymous_13)
FN:276,(anonymous_14)
FN:282,(anonymous_15)
FN:320,(anonymous_16)
FN:339,(anonymous_17)
FN:348,(anonymous_18)
FN:371,(anonymous_19)
FN:384,(anonymous_20)
FN:389,(anonymous_21)
FN:397,(anonymous_22)
FN:402,(anonymous_23)
FN:443,(anonymous_24)
FN:464,(anonymous_25)
FN:472,(anonymous_26)
FN:473,(anonymous_27)
FN:491,(anonymous_28)
FN:499,(anonymous_29)
FN:500,(anonymous_30)
FNF:31
FNH:0
FNDA:0,(anonymous_0)
FNDA:0,(anonymous_1)
FNDA:0,(anonymous_2)
FNDA:0,HomeScreen
FNDA:0,(anonymous_4)
FNDA:0,(anonymous_5)
FNDA:0,(anonymous_6)
FNDA:0,(anonymous_7)
FNDA:0,(anonymous_8)
FNDA:0,(anonymous_9)
FNDA:0,(anonymous_10)
FNDA:0,(anonymous_11)
FNDA:0,(anonymous_12)
FNDA:0,(anonymous_13)
FNDA:0,(anonymous_14)
FNDA:0,(anonymous_15)
FNDA:0,(anonymous_16)
FNDA:0,(anonymous_17)
FNDA:0,(anonymous_18)
FNDA:0,(anonymous_19)
FNDA:0,(anonymous_20)
FNDA:0,(anonymous_21)
FNDA:0,(anonymous_22)
FNDA:0,(anonymous_23)
FNDA:0,(anonymous_24)
FNDA:0,(anonymous_25)
FNDA:0,(anonymous_26)
FNDA:0,(anonymous_27)
FNDA:0,(anonymous_28)
FNDA:0,(anonymous_29)
FNDA:0,(anonymous_30)
DA:32,0
DA:33,0
DA:35,0
DA:37,0
DA:38,0
DA:56,0
DA:61,0
DA:65,0
DA:66,0
DA:70,0
DA:77,0
DA:79,0
DA:80,0
DA:87,0
DA:92,0
DA:93,0
DA:94,0
DA:95,0
DA:98,0
DA:99,0
DA:101,0
DA:106,0
DA:107,0
DA:108,0
DA:111,0
DA:112,0
DA:113,0
DA:114,0
DA:115,0
DA:118,0
DA:119,0
DA:122,0
DA:123,0
DA:124,0
DA:126,0
DA:128,0
DA:129,0
DA:130,0
DA:131,0
DA:132,0
DA:133,0
DA:136,0
DA:137,0
DA:141,0
DA:144,0
DA:145,0
DA:146,0
DA:150,0
DA:162,0
DA:163,0
DA:167,0
DA:168,0
DA:175,0
DA:180,0
DA:181,0
DA:182,0
DA:186,0
DA:187,0
DA:193,0
DA:194,0
DA:196,0
DA:202,0
DA:204,0
DA:207,0
DA:208,0
DA:209,0
DA:210,0
DA:213,0
DA:216,0
DA:217,0
DA:219,0
DA:220,0
DA:221,0
DA:222,0
DA:225,0
DA:226,0
DA:227,0
DA:230,0
DA:231,0
DA:234,0
DA:238,0
DA:242,0
DA:243,0
DA:250,0
DA:255,0
DA:259,0
DA:260,0
DA:261,0
DA:262,0
DA:263,0
DA:264,0
DA:265,0
DA:269,0
DA:270,0
DA:271,0
DA:272,0
DA:276,0
DA:277,0
DA:278,0
DA:282,0
DA:283,0
DA:284,0
DA:287,0
DA:288,0
DA:289,0
DA:290,0
DA:294,0
DA:297,0
DA:306,0
DA:313,0
DA:314,0
DA:316,0
DA:320,0
DA:321,0
DA:322,0
DA:323,0
DA:324,0
DA:325,0
DA:328,0
DA:329,0
DA:334,0
DA:335,0
DA:339,0
DA:340,0
DA:341,0
DA:343,0
DA:348,0
DA:349,0
DA:350,0
DA:351,0
DA:354,0
DA:356,0
DA:360,0
DA:366,0
DA:371,0
DA:372,0
DA:373,0
DA:379,0
DA:384,0
DA:385,0
DA:389,0
DA:390,0
DA:397,0
DA:398,0
DA:402,0
DA:403,0
DA:406,0
DA:444,0
DA:464,0
DA:472,0
DA:473,0
DA:491,0
DA:499,0
DA:500,0
DA:525,0
LF:155
LH:0
BRDA:57,0,0,0
BRDA:57,0,1,0
BRDA:65,1,0,0
BRDA:65,1,1,0
BRDA:79,2,0,0
BRDA:79,2,1,0
BRDA:94,3,0,0
BRDA:94,3,1,0
BRDA:131,4,0,0
BRDA:131,4,1,0
BRDA:144,5,0,0
BRDA:144,5,1,0
BRDA:146,6,0,0
BRDA:146,6,1,0
BRDA:187,7,0,0
BRDA:187,7,1,0
BRDA:188,8,0,0
BRDA:188,8,1,0
BRDA:188,8,2,0
BRDA:193,9,0,0
BRDA:193,9,1,0
BRDA:196,10,0,0
BRDA:196,10,1,0
BRDA:197,11,0,0
BRDA:197,11,1,0
BRDA:197,11,2,0
BRDA:217,12,0,0
BRDA:217,12,1,0
BRDA:217,13,0,0
BRDA:217,13,1,0
BRDA:220,14,0,0
BRDA:220,14,1,0
BRDA:263,15,0,0
BRDA:263,15,1,0
BRDA:270,16,0,0
BRDA:270,16,1,0
BRDA:277,17,0,0
BRDA:277,17,1,0
BRDA:277,18,0,0
BRDA:277,18,1,0
BRDA:288,19,0,0
BRDA:288,19,1,0
BRDA:301,20,0,0
BRDA:301,20,1,0
BRDA:323,21,0,0
BRDA:323,21,1,0
BRDA:349,22,0,0
BRDA:349,22,1,0
BRDA:354,23,0,0
BRDA:354,23,1,0
BRDA:356,24,0,0
BRDA:356,24,1,0
BRDA:362,25,0,0
BRDA:362,25,1,0
BRDA:372,26,0,0
BRDA:372,26,1,0
BRDA:372,27,0,0
BRDA:372,27,1,0
BRDA:391,28,0,0
BRDA:391,28,1,0
BRDA:444,29,0,0
BRDA:444,29,1,0
BRDA:448,30,0,0
BRDA:448,30,1,0
BRDA:467,31,0,0
BRDA:467,31,1,0
BRDA:468,32,0,0
BRDA:468,32,1,0
BRDA:494,33,0,0
BRDA:494,33,1,0
BRDA:495,34,0,0
BRDA:495,34,1,0
BRDA:540,35,0,0
BRDA:540,35,1,0
BRDA:573,36,0,0
BRDA:573,36,1,0
BRF:76
BRH:0
end_of_record
TN:
SF:app/(main)/messages.tsx
FN:35,(anonymous_0)
FN:39,(anonymous_1)
FN:68,(anonymous_2)
FN:100,MessagesScreen
FN:107,(anonymous_4)
FN:111,(anonymous_5)
FN:118,(anonymous_6)
FN:132,(anonymous_7)
FN:136,(anonymous_8)
FN:139,(anonymous_9)
FN:169,(anonymous_10)
FN:172,(anonymous_11)
FN:197,(anonymous_12)
FN:200,(anonymous_13)
FN:203,(anonymous_14)
FN:217,(anonymous_15)
FNF:16
FNH:0
FNDA:0,(anonymous_0)
FNDA:0,(anonymous_1)
FNDA:0,(anonymous_2)
FNDA:0,MessagesScreen
FNDA:0,(anonymous_4)
FNDA:0,(anonymous_5)
FNDA:0,(anonymous_6)
FNDA:0,(anonymous_7)
FNDA:0,(anonymous_8)
FNDA:0,(anonymous_9)
FNDA:0,(anonymous_10)
FNDA:0,(anonymous_11)
FNDA:0,(anonymous_12)
FNDA:0,(anonymous_13)
FNDA:0,(anonymous_14)
FNDA:0,(anonymous_15)
DA:35,0
DA:36,0
DA:37,0
DA:39,0
DA:40,0
DA:41,0
DA:42,0
DA:43,0
DA:45,0
DA:46,0
DA:47,0
DA:48,0
DA:49,0
DA:50,0
DA:52,0
DA:56,0
DA:68,0
DA:101,0
DA:102,0
DA:103,0
DA:104,0
DA:105,0
DA:107,0
DA:108,0
DA:111,0
DA:112,0
DA:114,0
DA:118,0
DA:119,0
DA:120,0
DA:121,0
DA:122,0
DA:125,0
DA:126,0
DA:132,0
DA:133,0
DA:134,0
DA:136,0
DA:137,0
DA:138,0
DA:139,0
DA:142,0
DA:143,0
DA:144,0
DA:145,0
DA:147,0
DA:148,0
DA:160,0
DA:161,0
DA:163,0
DA:164,0
DA:165,0
DA:169,0
DA:172,0
DA:174,0
DA:175,0
DA:178,0
DA:179,0
DA:188,0
DA:198,0
DA:200,0
DA:203,0
DA:217,0
DA:232,0
LF:64
LH:0
BRDA:45,0,0,0
BRDA:45,0,1,0
BRDA:47,1,0,0
BRDA:47,1,1,0
BRDA:49,2,0,0
BRDA:49,2,1,0
BRDA:63,3,0,0
BRDA:63,3,1,0
BRDA:63,4,0,0
BRDA:63,4,1,0
BRDA:75,5,0,0
BRDA:75,5,1,0
BRDA:85,6,0,0
BRDA:85,6,1,0
BRDA:91,7,0,0
BRDA:91,7,1,0
BRDA:112,8,0,0
BRDA:112,8,1,0
BRDA:119,9,0,0
BRDA:119,9,1,0
BRDA:142,10,0,0
BRDA:142,10,1,0
BRDA:147,11,0,0
BRDA:147,11,1,0
BRDA:150,12,0,0
BRDA:150,12,1,0
BRDA:151,13,0,0
BRDA:151,13,1,0
BRDA:153,14,0,0
BRDA:153,14,1,0
BRDA:178,15,0,0
BRDA:178,15,1,0
BRDA:194,16,0,0
BRDA:194,16,1,0
BRDA:214,17,0,0
BRDA:214,17,1,0
BRDA:223,18,0,0
BRDA:223,18,1,0
BRF:38
BRH:0
end_of_record
TN:
SF:app/article/[id].tsx
FN:20,ArticleScreen
FN:27,(anonymous_1)
FN:28,(anonymous_2)
FN:71,(anonymous_3)
FN:82,(anonymous_4)
FN:104,(anonymous_5)
FNF:6
FNH:0
FNDA:0,ArticleScreen
FNDA:0,(anonymous_1)
FNDA:0,(anonymous_2)
FNDA:0,(anonymous_3)
FNDA:0,(anonymous_4)
FNDA:0,(anonymous_5)
DA:21,0
DA:22,0
DA:23,0
DA:24,0
DA:25,0
DA:27,0
DA:28,0
DA:29,0
DA:30,0
DA:31,0
DA:33,0
DA:34,0
DA:35,0
DA:44,0
DA:47,0
DA:48,0
DA:50,0
DA:54,0
DA:57,0
DA:58,0
DA:65,0
DA:66,0
DA:71,0
DA:82,0
DA:91,0
DA:104,0
DA:127,0
LF:27
LH:0
BRDA:33,0,0,0
BRDA:33,0,1,0
BRDA:37,1,0,0
BRDA:37,1,1,0
BRDA:38,2,0,0
BRDA:38,2,1,0
BRDA:39,3,0,0
BRDA:39,3,1,0
BRDA:40,4,0,0
BRDA:40,4,1,0
BRDA:41,5,0,0
BRDA:41,5,1,0
BRDA:57,6,0,0
BRDA:57,6,1,0
BRDA:65,7,0,0
BRDA:65,7,1,0
BRDA:65,8,0,0
BRDA:65,8,1,0
BRDA:78,9,0,0
BRDA:78,9,1,0
BRDA:95,10,0,0
BRDA:95,10,1,0
BRF:22
BRH:0
end_of_record
TN:
SF:app/message/[id].tsx
FN:18,(anonymous_0)
FN:53,MessageDetailScreen
FN:61,(anonymous_2)
FN:71,(anonymous_3)
FN:72,(anonymous_4)
FN:83,(anonymous_5)
FN:89,(anonymous_6)
FN:92,(anonymous_7)
FN:125,(anonymous_8)
FN:137,(anonymous_9)
FN:143,(anonymous_10)
FNF:11
FNH:0
FNDA:0,(anonymous_0)
FNDA:0,MessageDetailScreen
FNDA:0,(anonymous_2)
FNDA:0,(anonymous_3)
FNDA:0,(anonymous_4)
FNDA:0,(anonymous_5)
FNDA:0,(anonymous_6)
FNDA:0,(anonymous_7)
FNDA:0,(anonymous_8)
FNDA:0,(anonymous_9)
FNDA:0,(anonymous_10)
DA:18,0
DA:19,0
DA:21,0
DA:54,0
DA:55,0
DA:56,0
DA:57,0
DA:58,0
DA:59,0
DA:61,0
DA:62,0
DA:63,0
DA:64,0
DA:67,0
DA:68,0
DA:69,0
DA:71,0
DA:72,0
DA:73,0
DA:74,0
DA:81,0
DA:82,0
DA:84,0
DA:85,0
DA:86,0
DA:89,0
DA:92,0
DA:93,0
DA:94,0
DA:95,0
DA:97,0
DA:104,0
DA:109,0
DA:110,0
DA:111,0
DA:113,0
DA:114,0
DA:119,0
DA:125,0
DA:138,0
DA:143,0
DA:178,0
LF:42
LH:0
BRDA:25,0,0,0
BRDA:25,0,1,0
BRDA:29,1,0,0
BRDA:29,1,1,0
BRDA:35,2,0,0
BRDA:35,2,1,0
BRDA:41,3,0,0
BRDA:41,3,1,0
BRDA:62,4,0,0
BRDA:62,4,1,0
BRDA:67,5,0,0
BRDA:67,5,1,0
BRDA:78,6,0,0
BRDA:78,6,1,0
BRDA:93,7,0,0
BRDA:93,7,1,0
BRDA:93,8,0,0
BRDA:93,8,1,0
BRDA:94,9,0,0
BRDA:94,9,1,0
BRDA:148,10,0,0
BRDA:148,10,1,0
BRDA:149,11,0,0
BRDA:149,11,1,0
BRDA:164,12,0,0
BRDA:164,12,1,0
BRF:26
BRH:0
end_of_record
TN:
SF:app/post/[id].tsx
FN:36,PostDetailScreen
FN:48,(anonymous_1)
FN:49,(anonymous_2)
FN:67,(anonymous_3)
FN:71,(anonymous_4)
FN:86,(anonymous_5)
FN:92,(anonymous_6)
FN:102,(anonymous_7)
FN:128,(anonymous_8)
FN:132,(anonymous_9)
FN:161,(anonymous_10)
FN:166,(anonymous_11)
FN:198,(anonymous_12)
FN:212,(anonymous_13)
FN:249,(anonymous_14)
FN:264,(anonymous_15)
FN:271,(anonymous_16)
FN:283,(anonymous_17)
FN:293,(anonymous_18)
FN:414,(anonymous_19)
FN:429,(anonymous_20)
FN:441,(anonymous_21)
FNF:22
FNH:0
FNDA:0,PostDetailScreen
FNDA:0,(anonymous_1)
FNDA:0,(anonymous_2)
FNDA:0,(anonymous_3)
FNDA:0,(anonymous_4)
FNDA:0,(anonymous_5)
FNDA:0,(anonymous_6)
FNDA:0,(anonymous_7)
FNDA:0,(anonymous_8)
FNDA:0,(anonymous_9)
FNDA:0,(anonymous_10)
FNDA:0,(anonymous_11)
FNDA:0,(anonymous_12)
FNDA:0,(anonymous_13)
FNDA:0,(anonymous_14)
FNDA:0,(anonymous_15)
FNDA:0,(anonymous_16)
FNDA:0,(anonymous_17)
FNDA:0,(anonymous_18)
FNDA:0,(anonymous_19)
FNDA:0,(anonymous_20)
FNDA:0,(anonymous_21)
DA:37,0
DA:38,0
DA:39,0
DA:40,0
DA:41,0
DA:42,0
DA:43,0
DA:44,0
DA:45,0
DA:46,0
DA:48,0
DA:49,0
DA:50,0
DA:51,0
DA:52,0
DA:53,0
DA:54,0
DA:55,0
DA:56,0
DA:59,0
DA:64,0
DA:67,0
DA:71,0
DA:72,0
DA:73,0
DA:74,0
DA:77,0
DA:78,0
DA:79,0
DA:80,0
DA:84,0
DA:86,0
DA:87,0
DA:88,0
DA:92,0
DA:93,0
DA:95,0
DA:96,0
DA:97,0
DA:101,0
DA:103,0
DA:104,0
DA:105,0
DA:106,0
DA:107,0
DA:110,0
DA:111,0
DA:112,0
DA:114,0
DA:115,0
DA:116,0
DA:117,0
DA:118,0
DA:119,0
DA:120,0
DA:123,0
DA:127,0
DA:129,0
DA:131,0
DA:133,0
DA:134,0
DA:135,0
DA:137,0
DA:138,0
DA:139,0
DA:140,0
DA:141,0
DA:142,0
DA:143,0
DA:146,0
DA:150,0
DA:161,0
DA:167,0
DA:169,0
DA:171,0
DA:175,0
DA:190,0
DA:191,0
DA:193,0
DA:194,0
DA:195,0
DA:199,0
DA:201,0
DA:203,0
DA:204,0
DA:205,0
DA:209,0
DA:212,0
DA:213,0
DA:214,0
DA:217,0
DA:218,0
DA:220,0
DA:221,0
DA:224,0
DA:225,0
DA:233,0
DA:234,0
DA:238,0
DA:240,0
DA:241,0
DA:242,0
DA:245,0
DA:249,0
DA:250,0
DA:252,0
DA:253,0
DA:254,0
DA:255,0
DA:259,0
DA:264,0
DA:265,0
DA:267,0
DA:271,0
DA:276,0
DA:278,0
DA:279,0
DA:283,0
DA:284,0
DA:293,0
DA:294,0
DA:295,0
DA:366,0
DA:397,0
DA:398,0
DA:405,0
DA:406,0
DA:414,0
DA:423,0
DA:429,0
DA:441,0
DA:476,0
LF:132
LH:0
BRDA:50,0,0,0
BRDA:50,0,1,0
BRDA:53,1,0,0
BRDA:53,1,1,0
BRDA:55,2,0,0
BRDA:55,2,1,0
BRDA:72,3,0,0
BRDA:72,3,1,0
BRDA:78,4,0,0
BRDA:78,4,1,0
BRDA:87,5,0,0
BRDA:87,5,1,0
BRDA:88,6,0,0
BRDA:88,6,1,0
BRDA:93,7,0,0
BRDA:93,7,1,0
BRDA:93,8,0,0
BRDA:93,8,1,0
BRDA:104,9,0,0
BRDA:104,9,1,0
BRDA:114,10,0,0
BRDA:114,10,1,0
BRDA:117,11,0,0
BRDA:117,11,1,0
BRDA:119,12,0,0
BRDA:119,12,1,0
BRDA:129,13,0,0
BRDA:129,13,1,0
BRDA:137,14,0,0
BRDA:137,14,1,0
BRDA:140,15,0,0
BRDA:140,15,1,0
BRDA:142,16,0,0
BRDA:142,16,1,0
BRDA:154,17,0,0
BRDA:154,17,1,0
BRDA:167,18,0,0
BRDA:167,18,1,0
BRDA:167,19,0,0
BRDA:167,19,1,0
BRDA:167,19,2,0
BRDA:167,19,3,0
BRDA:177,20,0,0
BRDA:177,20,1,0
BRDA:179,21,0,0
BRDA:179,21,1,0
BRDA:180,22,0,0
BRDA:180,22,1,0
BRDA:181,23,0,0
BRDA:181,23,1,0
BRDA:182,24,0,0
BRDA:182,24,1,0
BRDA:183,25,0,0
BRDA:183,25,1,0
BRDA:184,26,0,0
BRDA:184,26,1,0
BRDA:185,27,0,0
BRDA:185,27,1,0
BRDA:190,28,0,0
BRDA:190,28,1,0
BRDA:199,29,0,0
BRDA:199,29,1,0
BRDA:199,30,0,0
BRDA:199,30,1,0
BRDA:199,30,2,0
BRDA:199,30,3,0
BRDA:213,31,0,0
BRDA:213,31,1,0
BRDA:213,32,0,0
BRDA:213,32,1,0
BRDA:250,33,0,0
BRDA:250,33,1,0
BRDA:250,34,0,0
BRDA:250,34,1,0
BRDA:254,35,0,0
BRDA:254,35,1,0
BRDA:255,36,0,0
BRDA:255,36,1,0
BRDA:265,37,0,0
BRDA:265,37,1,0
BRDA:265,38,0,0
BRDA:265,38,1,0
BRDA:270,39,0,0
BRDA:270,39,1,0
BRDA:294,40,0,0
BRDA:294,40,1,0
BRDA:301,41,0,0
BRDA:301,41,1,0
BRDA:325,42,0,0
BRDA:325,42,1,0
BRDA:325,42,2,0
BRDA:348,43,0,0
BRDA:348,43,1,0
BRDA:350,44,0,0
BRDA:350,44,1,0
BRDA:353,45,0,0
BRDA:353,45,1,0
BRDA:359,46,0,0
BRDA:359,46,1,0
BRDA:373,47,0,0
BRDA:373,47,1,0
BRDA:397,48,0,0
BRDA:397,48,1,0
BRDA:405,49,0,0
BRDA:405,49,1,0
BRDA:405,50,0,0
BRDA:405,50,1,0
BRDA:410,51,0,0
BRDA:410,51,1,0
BRDA:441,52,0,0
BRDA:441,52,1,0
BRDA:446,53,0,0
BRDA:446,53,1,0
BRDA:447,54,0,0
BRDA:447,54,1,0
BRDA:462,55,0,0
BRDA:462,55,1,0
BRF:117
BRH:0
end_of_record
TN:
SF:components/BlogArticlePreview.tsx
FN:13,BlogArticlePreview
FNF:1
FNH:0
FNDA:0,BlogArticlePreview
DA:14,0
DA:16,0
DA:58,0
LF:3
LH:0
BRDA:20,0,0,0
BRDA:20,0,1,0
BRF:2
BRH:0
end_of_record
TN:
SF:components/CustomButton.tsx
FN:18,(anonymous_0)
FN:32,(anonymous_1)
FN:82,(anonymous_2)
FNF:3
FNH:0
FNDA:0,(anonymous_0)
FNDA:0,(anonymous_1)
FNDA:0,(anonymous_2)
DA:18,0
DA:30,0
DA:32,0
DA:33,0
DA:42,0
DA:43,0
DA:46,0
DA:48,0
DA:49,0
DA:50,0
DA:52,0
DA:53,0
DA:54,0
DA:57,0
DA:59,0
DA:64,0
DA:71,0
DA:78,0
DA:82,0
DA:83,0
DA:88,0
DA:90,0
DA:91,0
DA:93,0
DA:94,0
DA:97,0
DA:99,0
DA:104,0
DA:109,0
DA:114,0
DA:118,0
LF:31
LH:0
BRDA:23,0,0,0
BRDA:24,1,0,0
BRDA:25,2,0,0
BRDA:26,3,0,0
BRDA:27,4,0,0
BRDA:39,5,0,0
BRDA:39,5,1,0
BRDA:42,6,0,0
BRDA:42,6,1,0
BRDA:46,7,0,0
BRDA:46,7,1,0
BRDA:57,8,0,0
BRDA:57,8,1,0
BRDA:57,8,2,0
BRDA:57,8,3,0
BRDA:61,9,0,0
BRDA:61,9,1,0
BRDA:75,10,0,0
BRDA:75,10,1,0
BRDA:88,11,0,0
BRDA:88,11,1,0
BRDA:97,12,0,0
BRDA:97,12,1,0
BRDA:97,12,2,0
BRDA:97,12,3,0
BRDA:111,13,0,0
BRDA:111,13,1,0
BRDA:123,14,0,0
BRDA:123,14,1,0
BRDA:126,15,0,0
BRDA:126,15,1,0
BRDA:127,16,0,0
BRDA:127,16,1,0
BRF:33
BRH:0
end_of_record
TN:
SF:components/CustomTabBar.tsx
FN:17,(anonymous_0)
FN:19,(anonymous_1)
FN:22,(anonymous_2)
FN:25,(anonymous_3)
FN:35,(anonymous_4)
FN:50,(anonymous_5)
FN:65,(anonymous_6)
FN:77,(anonymous_7)
FN:93,(anonymous_8)
FN:115,(anonymous_9)
FNF:10
FNH:0
FNDA:0,(anonymous_0)
FNDA:0,(anonymous_1)
FNDA:0,(anonymous_2)
FNDA:0,(anonymous_3)
FNDA:0,(anonymous_4)
FNDA:0,(anonymous_5)
FNDA:0,(anonymous_6)
FNDA:0,(anonymous_7)
FNDA:0,(anonymous_8)
FNDA:0,(anonymous_9)
DA:17,0
DA:18,0
DA:19,0
DA:20,0
DA:22,0
DA:24,0
DA:26,0
DA:35,0
DA:36,0
DA:38,0
DA:40,0
DA:42,0
DA:44,0
DA:46,0
DA:50,0
DA:51,0
DA:53,0
DA:55,0
DA:57,0
DA:59,0
DA:61,0
DA:65,0
DA:66,0
DA:68,0
DA:73,0
DA:77,0
DA:78,0
DA:84,0
DA:85,0
DA:86,0
DA:90,0
DA:94,0
DA:95,0
DA:96,0
DA:97,0
DA:99,0
DA:104,0
DA:109,0
DA:115,0
DA:191,0
LF:40
LH:0
BRDA:27,0,0,0
BRDA:27,0,1,0
BRDA:36,1,0,0
BRDA:36,1,1,0
BRDA:36,1,2,0
BRDA:36,1,3,0
BRDA:36,1,4,0
BRDA:38,2,0,0
BRDA:38,2,1,0
BRDA:40,3,0,0
BRDA:40,3,1,0
BRDA:42,4,0,0
BRDA:42,4,1,0
BRDA:44,5,0,0
BRDA:44,5,1,0
BRDA:46,6,0,0
BRDA:46,6,1,0
BRDA:51,7,0,0
BRDA:51,7,1,0
BRDA:51,7,2,0
BRDA:51,7,3,0
BRDA:51,7,4,0
BRDA:66,8,0,0
BRDA:66,8,1,0
BRDA:84,9,0,0
BRDA:84,9,1,0
BRDA:84,10,0,0
BRDA:84,10,1,0
BRDA:113,11,0,0
BRDA:113,11,1,0
BRDA:120,12,0,0
BRDA:120,12,1,0
BRDA:139,13,0,0
BRDA:139,13,1,0
BRDA:142,14,0,0
BRDA:142,14,1,0
BRDA:145,15,0,0
BRDA:145,15,1,0
BRDA:148,16,0,0
BRDA:148,16,1,0
BRDA:160,17,0,0
BRDA:160,17,1,0
BRDA:161,18,0,0
BRDA:161,18,1,0
BRDA:169,19,0,0
BRDA:169,19,1,0
BRDA:220,20,0,0
BRDA:220,20,1,0
BRF:48
BRH:0
end_of_record
TN:
SF:components/EditScreenInfo.tsx
FN:6,EditScreenInfo
FNF:1
FNH:0
FNDA:0,EditScreenInfo
DA:7,0
DA:30,0
LF:2
LH:0
BRF:0
BRH:0
end_of_record
TN:
SF:components/EmergencyTypeSelector.tsx
FN:64,(anonymous_0)
FN:73,(anonymous_1)
FN:90,(anonymous_2)
FN:96,(anonymous_3)
FN:106,(anonymous_4)
FNF:5
FNH:0
FNDA:0,(anonymous_0)
FNDA:0,(anonymous_1)
FNDA:0,(anonymous_2)
FNDA:0,(anonymous_3)
FNDA:0,(anonymous_4)
DA:21,0
DA:40,0
DA:59,0
DA:60,0
DA:61,0
DA:62,0
DA:64,0
DA:69,0
DA:70,0
DA:71,0
DA:73,0
DA:74,0
DA:75,0
DA:77,0
DA:79,0
DA:80,0
DA:81,0
DA:84,0
DA:85,0
DA:86,0
DA:90,0
DA:91,0
DA:92,0
DA:93,0
DA:95,0
DA:97,0
DA:106,0
DA:126,0
DA:128,0
DA:131,0
DA:143,0
LF:31
LH:0
BRDA:77,0,0,0
BRDA:77,0,1,0
BRDA:77,1,0,0
BRDA:77,1,1,0
BRDA:77,1,2,0
BRDA:104,2,0,0
BRDA:104,2,1,0
BRDA:146,3,0,0
BRDA:146,3,1,0
BRF:9
BRH:0
end_of_record
TN:
SF:components/ExternalLink.tsx
FN:6,ExternalLink
FN:15,(anonymous_1)
FNF:2
FNH:0
FNDA:0,ExternalLink
FNDA:0,(anonymous_1)
DA:9,0
DA:16,0
DA:18,0
DA:20,0
LF:4
LH:0
BRDA:16,0,0,0
BRDA:16,0,1,0
BRF:2
BRH:0
end_of_record
TN:
SF:components/MapView.tsx
FN:18,(anonymous_0)
FN:24,(anonymous_1)
FN:25,(anonymous_2)
FN:30,(anonymous_3)
FN:31,(anonymous_4)
FN:43,(anonymous_5)
FNF:6
FNH:0
FNDA:0,(anonymous_0)
FNDA:0,(anonymous_1)
FNDA:0,(anonymous_2)
FNDA:0,(anonymous_3)
FNDA:0,(anonymous_4)
FNDA:0,(anonymous_5)
DA:18,0
DA:19,0
DA:20,0
DA:21,0
DA:22,0
DA:24,0
DA:26,0
DA:30,0
DA:31,0
DA:32,0
DA:43,0
DA:46,0
DA:50,0
DA:135,0
DA:186,0
LF:15
LH:0
BRDA:140,0,0,0
BRDA:140,0,1,0
BRDA:151,1,0,0
BRDA:151,1,1,0
BRDA:158,2,0,0
BRDA:158,2,1,0
BRF:6
BRH:0
end_of_record
TN:
SF:components/NewMessage.tsx
FN:17,(anonymous_0)
FN:23,(anonymous_1)
FN:46,(anonymous_2)
FN:73,(anonymous_3)
FN:86,(anonymous_4)
FN:100,(anonymous_5)
FN:165,(anonymous_6)
FN:178,(anonymous_7)
FN:179,(anonymous_8)
FN:182,(anonymous_9)
FN:199,(anonymous_10)
FNF:11
FNH:0
FNDA:0,(anonymous_0)
FNDA:0,(anonymous_1)
FNDA:0,(anonymous_2)
FNDA:0,(anonymous_3)
FNDA:0,(anonymous_4)
FNDA:0,(anonymous_5)
FNDA:0,(anonymous_6)
FNDA:0,(anonymous_7)
FNDA:0,(anonymous_8)
FNDA:0,(anonymous_9)
FNDA:0,(anonymous_10)
DA:17,0
DA:18,0
DA:19,0
DA:20,0
DA:21,0
DA:23,0
DA:24,0
DA:25,0
DA:26,0
DA:29,0
DA:30,0
DA:31,0
DA:32,0
DA:34,0
DA:43,0
DA:44,0
DA:46,0
DA:47,0
DA:49,0
DA:50,0
DA:51,0
DA:53,0
DA:54,0
DA:63,0
DA:65,0
DA:66,0
DA:67,0
DA:69,0
DA:73,0
DA:74,0
DA:76,0
DA:77,0
DA:78,0
DA:83,0
DA:84,0
DA:86,0
DA:87,0
DA:88,0
DA:89,0
DA:93,0
DA:95,0
DA:96,0
DA:100,0
DA:101,0
DA:102,0
DA:103,0
DA:106,0
DA:107,0
DA:110,0
DA:112,0
DA:114,0
DA:115,0
DA:119,0
DA:120,0
DA:127,0
DA:130,0
DA:136,0
DA:138,0
DA:139,0
DA:141,0
DA:145,0
DA:166,0
DA:167,0
DA:178,0
DA:180,0
DA:182,0
DA:200,0
DA:212,0
LF:68
LH:0
BRDA:24,0,0,0
BRDA:24,0,1,0
BRDA:24,1,0,0
BRDA:24,1,1,0
BRDA:47,2,0,0
BRDA:47,2,1,0
BRDA:50,3,0,0
BRDA:50,3,1,0
BRDA:51,4,0,0
BRDA:51,4,1,0
BRDA:53,5,0,0
BRDA:53,5,1,0
BRDA:53,6,0,0
BRDA:53,6,1,0
BRDA:56,7,0,0
BRDA:56,7,1,0
BRDA:57,8,0,0
BRDA:57,8,1,0
BRDA:58,9,0,0
BRDA:58,9,1,0
BRDA:74,10,0,0
BRDA:74,10,1,0
BRDA:88,11,0,0
BRDA:88,11,1,0
BRDA:101,12,0,0
BRDA:101,12,1,0
BRDA:112,13,0,0
BRDA:112,13,1,0
BRDA:173,14,0,0
BRDA:173,14,1,0
BRDA:186,15,0,0
BRDA:186,15,1,0
BRDA:201,16,0,0
BRDA:201,16,1,0
BRF:34
BRH:0
end_of_record
TN:
SF:components/NotificationItem.tsx
FN:13,(anonymous_0)
FN:22,(anonymous_1)
FN:65,(anonymous_2)
FN:71,(anonymous_3)
FN:104,(anonymous_4)
FNF:5
FNH:0
FNDA:0,(anonymous_0)
FNDA:0,(anonymous_1)
FNDA:0,(anonymous_2)
FNDA:0,(anonymous_3)
FNDA:0,(anonymous_4)
DA:13,0
DA:19,0
DA:20,0
DA:22,0
DA:23,0
DA:26,0
DA:65,0
DA:71,0
DA:104,0
DA:115,0
LF:10
LH:0
BRDA:17,0,0,0
BRDA:37,1,0,0
BRDA:37,1,1,0
BRDA:78,2,0,0
BRDA:78,2,1,0
BRDA:83,3,0,0
BRDA:83,3,1,0
BRF:7
BRH:0
end_of_record
TN:
SF:components/ProfileHeader.tsx
FN:11,(anonymous_0)
FN:21,(anonymous_1)
FN:24,(anonymous_2)
FN:35,(anonymous_3)
FN:39,(anonymous_4)
FN:40,(anonymous_5)
FN:42,(anonymous_6)
FN:49,(anonymous_7)
FNF:8
FNH:0
FNDA:0,(anonymous_0)
FNDA:0,(anonymous_1)
FNDA:0,(anonymous_2)
FNDA:0,(anonymous_3)
FNDA:0,(anonymous_4)
FNDA:0,(anonymous_5)
FNDA:0,(anonymous_6)
FNDA:0,(anonymous_7)
DA:11,0
DA:12,0
DA:13,0
DA:14,0
DA:15,0
DA:21,0
DA:22,0
DA:23,0
DA:24,0
DA:25,0
DA:26,0
DA:27,0
DA:28,0
DA:35,0
DA:39,0
DA:40,0
DA:42,0
DA:43,0
DA:49,0
DA:50,0
DA:56,0
DA:118,0
LF:22
LH:0
BRDA:22,0,0,0
BRDA:22,0,1,0
BRDA:25,1,0,0
BRDA:25,1,1,0
BRDA:27,2,0,0
BRDA:27,2,1,0
BRDA:30,3,0,0
BRDA:30,3,1,0
BRDA:31,4,0,0
BRDA:31,4,1,0
BRDA:78,5,0,0
BRDA:78,5,1,0
BRDA:134,6,0,0
BRDA:134,6,1,0
BRF:14
BRH:0
end_of_record
TN:
SF:components/StyledText.tsx
FN:3,MonoText
FNF:1
FNH:0
FNDA:0,MonoText
DA:4,0
LF:1
LH:0
BRF:0
BRH:0
end_of_record
TN:
SF:components/ThemeToggle.tsx
FN:12,ThemeToggle
FN:16,(anonymous_1)
FN:27,(anonymous_2)
FNF:3
FNH:0
FNDA:0,ThemeToggle
FNDA:0,(anonymous_1)
FNDA:0,(anonymous_2)
DA:13,0
DA:14,0
DA:16,0
DA:18,0
DA:19,0
DA:20,0
DA:21,0
DA:23,0
DA:27,0
DA:28,0
DA:29,0
DA:34,0
DA:40,0
DA:42,0
DA:61,0
LF:15
LH:0
BRDA:18,0,0,0
BRDA:18,0,1,0
BRDA:20,1,0,0
BRDA:20,1,1,0
BRDA:28,2,0,0
BRDA:28,2,1,0
BRDA:30,3,0,0
BRDA:30,3,1,0
BRDA:35,4,0,0
BRDA:35,4,1,0
BRDA:54,5,0,0
BRDA:54,5,1,0
BRDA:54,6,0,0
BRDA:54,6,1,0
BRF:14
BRH:0
end_of_record
TN:
SF:components/Themed.tsx
FN:13,useThemeColor
FN:27,Text
FN:34,View
FNF:3
FNH:0
FNDA:0,useThemeColor
FNDA:0,Text
FNDA:0,View
DA:17,0
DA:18,0
DA:20,0
DA:21,0
DA:23,0
DA:28,0
DA:29,0
DA:31,0
DA:35,0
DA:36,0
DA:38,0
LF:11
LH:0
BRDA:17,0,0,0
BRDA:17,0,1,0
BRDA:20,1,0,0
BRDA:20,1,1,0
BRF:4
BRH:0
end_of_record
TN:
SF:components/useClientOnlyValue.ts
FN:2,useClientOnlyValue
FNF:1
FNH:0
FNDA:0,useClientOnlyValue
DA:3,0
LF:1
LH:0
BRF:0
BRH:0
end_of_record
TN:
SF:components/useClientOnlyValue.web.ts
FN:5,useClientOnlyValue
FN:7,(anonymous_1)
FNF:2
FNH:0
FNDA:0,useClientOnlyValue
FNDA:0,(anonymous_1)
DA:6,0
DA:7,0
DA:8,0
DA:11,0
LF:4
LH:0
BRF:0
BRH:0
end_of_record
TN:
SF:components/useColorScheme.ts
FNF:0
FNH:0
LF:0
LH:0
BRF:0
BRH:0
end_of_record
TN:
SF:components/useColorScheme.web.ts
FN:6,useColorScheme
FNF:1
FNH:0
FNDA:0,useColorScheme
DA:7,0
LF:1
LH:0
BRF:0
BRH:0
end_of_record
TN:
SF:config/firebaseConfig.ts
FN:35,(anonymous_0)
FNF:1
FNH:0
FNDA:0,(anonymous_0)
DA:7,0
DA:16,0
DA:25,0
DA:27,0
DA:30,0
DA:35,0
DA:38,0
DA:39,0
LF:8
LH:0
BRDA:25,0,0,0
BRDA:25,0,1,0
BRF:2
BRH:0
end_of_record
TN:
SF:constants/Colors.ts
FNF:0
FNH:0
DA:3,0
DA:32,0
DA:40,0
LF:3
LH:0
BRF:0
BRH:0
end_of_record
TN:
SF:context/ThemeContext.tsx
FN:15,ThemeProvider
FN:19,(anonymous_1)
FN:21,(anonymous_2)
FN:28,(anonymous_3)
FN:37,(anonymous_4)
FN:42,(anonymous_5)
FN:58,useThemeContext
FNF:7
FNH:0
FNDA:0,ThemeProvider
FNDA:0,(anonymous_1)
FNDA:0,(anonymous_2)
FNDA:0,(anonymous_3)
FNDA:0,(anonymous_4)
FNDA:0,(anonymous_5)
FNDA:0,useThemeContext
DA:13,0
DA:16,0
DA:17,0
DA:19,0
DA:21,0
DA:22,0
DA:23,0
DA:28,0
DA:30,0
DA:32,0
DA:37,0
DA:38,0
DA:42,0
DA:43,0
DA:44,0
DA:47,0
DA:51,0
DA:59,0
DA:60,0
DA:61,0
DA:63,0
LF:21
LH:0
BRDA:22,0,0,0
BRDA:22,0,1,0
BRDA:30,1,0,0
BRDA:30,1,1,0
BRDA:47,2,0,0
BRDA:47,2,1,0
BRDA:48,3,0,0
BRDA:48,3,1,0
BRDA:60,4,0,0
BRDA:60,4,1,0
BRF:10
BRH:0
end_of_record
TN:
SF:hooks/useUnreadMessages.ts
FN:6,(anonymous_0)
FN:9,(anonymous_1)
FN:20,(anonymous_2)
FN:22,(anonymous_3)
FN:26,(anonymous_4)
FNF:5
FNH:0
FNDA:0,(anonymous_0)
FNDA:0,(anonymous_1)
FNDA:0,(anonymous_2)
FNDA:0,(anonymous_3)
FNDA:0,(anonymous_4)
DA:6,0
DA:7,0
DA:9,0
DA:10,0
DA:11,0
DA:13,0
DA:14,0
DA:20,0
DA:21,0
DA:23,0
DA:26,0
DA:29,0
LF:12
LH:0
BRDA:11,0,0,0
BRDA:11,0,1,0
BRF:2
BRH:0
end_of_record
TN:
SF:types/index.ts
FNF:0
FNH:0
LF:0
LH:0
BRF:0
BRH:0
end_of_record
TN:
SF:types/routes.ts
FNF:0
FNH:0
LF:0
LH:0
BRF:0
BRH:0
end_of_record
TN:
SF:utils/errorHandler.ts
FN:3,handleFirebaseError
FNF:1
FNH:0
FNDA:0,handleFirebaseError
DA:4,0
DA:5,0
DA:8,0
DA:10,0
DA:12,0
DA:14,0
DA:16,0
DA:18,0
DA:20,0
DA:24,0
DA:26,0
DA:30,0
DA:32,0
DA:34,0
DA:38,0
DA:40,0
DA:43,0
DA:45,0
DA:46,0
DA:48,0
LF:20
LH:0
BRDA:4,0,0,0
BRDA:4,0,1,0
BRDA:5,1,0,0
BRDA:5,1,1,0
BRDA:5,1,2,0
BRDA:5,1,3,0
BRDA:5,1,4,0
BRDA:5,1,5,0
BRDA:5,1,6,0
BRDA:5,1,7,0
BRDA:5,1,8,0
BRDA:5,1,9,0
BRDA:5,1,10,0
BRDA:5,1,11,0
BRDA:5,1,12,0
BRDA:5,1,13,0
BRDA:5,1,14,0
BRDA:43,2,0,0
BRDA:43,2,1,0
BRDA:45,3,0,0
BRDA:45,3,1,0
BRF:21
BRH:0
end_of_record
TN:
SF:utils/messageUtils.ts
FN:4,(anonymous_0)
FN:30,(anonymous_1)
FNF:2
FNH:0
FNDA:0,(anonymous_0)
FNDA:0,(anonymous_1)
DA:4,0
DA:5,0
DA:6,0
DA:7,0
DA:9,0
DA:10,0
DA:17,0
DA:18,0
DA:26,0
DA:27,0
DA:29,0
DA:30,0
DA:31,0
DA:34,0
DA:36,0
LF:15
LH:0
BRDA:7,0,0,0
BRDA:7,0,1,0
BRDA:17,1,0,0
BRDA:17,1,1,0
BRDA:27,2,0,0
BRDA:27,2,1,0
BRF:6
BRH:0
end_of_record
